2023-12-09 00:51:49,368 - INFO: epoch 49 checkpoint!
2023-12-09 00:51:52,688 - INFO: l2r: acc of top [1, 10] = [0.9548 0.993 ], mr = 1.408, mrr = 0.970, time = 3.3192 s 
2023-12-09 00:51:52,689 - INFO: r2l: acc of top [1, 10] = [0.9505 0.9917], mr = 1.379, mrr = 0.966, time = 3.3204 s 
2023-12-09 00:55:14,479 - INFO: epoch 99 checkpoint!
2023-12-09 00:55:18,219 - INFO: l2r: acc of top [1, 10] = [0.9613 0.9948], mr = 1.334, mrr = 0.974, time = 3.7392 s 
2023-12-09 00:55:18,220 - INFO: r2l: acc of top [1, 10] = [0.9571 0.9935], mr = 1.335, mrr = 0.971, time = 3.7408 s 
2023-12-09 00:58:40,171 - INFO: epoch 149 checkpoint!
2023-12-09 00:58:43,885 - INFO: l2r: acc of top [1, 10] = [0.9623 0.9941], mr = 1.371, mrr = 0.975, time = 3.7136 s 
2023-12-09 00:58:43,887 - INFO: r2l: acc of top [1, 10] = [0.96   0.9939], mr = 1.344, mrr = 0.973, time = 3.7152 s 
2023-12-09 01:02:06,580 - INFO: epoch 199 checkpoint!
2023-12-09 01:02:10,333 - INFO: l2r: acc of top [1, 10] = [0.9634 0.994 ], mr = 1.398, mrr = 0.975, time = 3.7519 s 
2023-12-09 01:02:10,334 - INFO: r2l: acc of top [1, 10] = [0.9603 0.9938], mr = 1.357, mrr = 0.973, time = 3.7535 s 
2023-12-09 01:05:32,082 - INFO: epoch 249 checkpoint!
2023-12-09 01:05:35,670 - INFO: l2r: acc of top [1, 10] = [0.9634 0.994 ], mr = 1.412, mrr = 0.975, time = 3.5870 s 
2023-12-09 01:05:35,672 - INFO: r2l: acc of top [1, 10] = [0.9607 0.9936], mr = 1.363, mrr = 0.973, time = 3.5887 s 
2023-12-09 01:08:56,736 - INFO: epoch 299 checkpoint!
2023-12-09 01:09:00,444 - INFO: l2r: acc of top [1, 10] = [0.9631 0.9934], mr = 1.426, mrr = 0.975, time = 3.7074 s 
2023-12-09 01:09:00,445 - INFO: r2l: acc of top [1, 10] = [0.9612 0.9932], mr = 1.364, mrr = 0.973, time = 3.7088 s 
2023-12-09 01:30:33,058 - INFO: new_links_elect: 9293
2023-12-09 01:30:33,064 - INFO: train_ill length: 16178
2023-12-09 01:30:35,480 - INFO: true_links: 4909
2023-12-09 01:30:35,480 - INFO: true link ratio: 52.82%
2023-12-09 01:30:36,330 - INFO: epoch 349 checkpoint!
2023-12-09 01:30:39,934 - INFO: l2r: acc of top [1, 10] = [0.9642 0.9939], mr = 1.402, mrr = 0.976, time = 3.6036 s 
2023-12-09 01:30:39,934 - INFO: r2l: acc of top [1, 10] = [0.9609 0.9935], mr = 1.362, mrr = 0.973, time = 3.6042 s 
2023-12-09 01:43:29,077 - INFO: new_links_elect: 1595
2023-12-09 01:43:29,079 - INFO: train_ill length: 17773
2023-12-09 01:43:29,483 - INFO: true_links: 844
2023-12-09 01:43:29,483 - INFO: true link ratio: 52.92%
2023-12-09 01:43:29,553 - INFO: epoch 399 checkpoint!
2023-12-09 01:43:33,100 - INFO: l2r: acc of top [1, 10] = [0.9782 0.9994], mr = 1.068, mrr = 0.987, time = 3.5462 s 
2023-12-09 01:43:33,101 - INFO: r2l: acc of top [1, 10] = [0.9753 0.9991], mr = 1.081, mrr = 0.985, time = 3.5478 s 
2023-12-09 01:53:32,494 - INFO: new_links_elect: 550
2023-12-09 01:53:32,495 - INFO: train_ill length: 18323
2023-12-09 01:53:32,642 - INFO: true_links: 267
2023-12-09 01:53:32,642 - INFO: true link ratio: 48.55%
2023-12-09 01:53:32,671 - INFO: epoch 449 checkpoint!
2023-12-09 01:53:36,247 - INFO: l2r: acc of top [1, 10] = [0.9809 0.9994], mr = 1.060, mrr = 0.988, time = 3.5751 s 
2023-12-09 01:53:36,248 - INFO: r2l: acc of top [1, 10] = [0.9808 0.9993], mr = 1.067, mrr = 0.988, time = 3.5767 s 
2023-12-09 02:02:47,559 - INFO: new_links_elect: 229
2023-12-09 02:02:47,559 - INFO: train_ill length: 18552
2023-12-09 02:02:47,623 - INFO: true_links: 105
2023-12-09 02:02:47,623 - INFO: true link ratio: 45.85%
2023-12-09 02:02:47,645 - INFO: epoch 499 checkpoint!
2023-12-09 02:02:51,219 - INFO: l2r: acc of top [1, 10] = [0.9828 0.9995], mr = 1.053, mrr = 0.990, time = 3.5734 s 
2023-12-09 02:02:51,220 - INFO: r2l: acc of top [1, 10] = [0.9821 0.9994], mr = 1.058, mrr = 0.989, time = 3.5749 s 
2023-12-09 02:11:55,716 - INFO: new_links_elect: 134
2023-12-09 02:11:55,716 - INFO: train_ill length: 18686
2023-12-09 02:11:55,758 - INFO: true_links: 44
2023-12-09 02:11:55,758 - INFO: true link ratio: 32.84%
2023-12-09 02:11:55,777 - INFO: epoch 549 checkpoint!
2023-12-09 02:11:59,388 - INFO: l2r: acc of top [1, 10] = [0.9837 0.9993], mr = 1.049, mrr = 0.990, time = 3.6101 s 
2023-12-09 02:11:59,389 - INFO: r2l: acc of top [1, 10] = [0.9842 0.9993], mr = 1.052, mrr = 0.990, time = 3.6116 s 
2023-12-09 02:20:53,615 - INFO: new_links_elect: 89
2023-12-09 02:20:53,615 - INFO: train_ill length: 18775
2023-12-09 02:20:53,643 - INFO: true_links: 26
2023-12-09 02:20:53,643 - INFO: true link ratio: 29.21%
2023-12-09 02:20:53,662 - INFO: epoch 599 checkpoint!
2023-12-09 02:20:57,310 - INFO: l2r: acc of top [1, 10] = [0.9846 0.9992], mr = 1.048, mrr = 0.991, time = 3.6473 s 
2023-12-09 02:20:57,312 - INFO: r2l: acc of top [1, 10] = [0.9851 0.9993], mr = 1.057, mrr = 0.991, time = 3.6489 s 
2023-12-09 02:29:47,629 - INFO: new_links_elect: 72
2023-12-09 02:29:47,630 - INFO: train_ill length: 18847
2023-12-09 02:29:47,652 - INFO: true_links: 17
2023-12-09 02:29:47,652 - INFO: true link ratio: 23.61%
2023-12-09 02:29:47,680 - INFO: epoch 649 checkpoint!
2023-12-09 02:29:51,328 - INFO: l2r: acc of top [1, 10] = [0.985  0.9993], mr = 1.049, mrr = 0.991, time = 3.6482 s 
2023-12-09 02:29:51,329 - INFO: r2l: acc of top [1, 10] = [0.9856 0.9994], mr = 1.065, mrr = 0.991, time = 3.6495 s 
2023-12-09 02:38:40,205 - INFO: new_links_elect: 59
2023-12-09 02:38:40,206 - INFO: train_ill length: 18906
2023-12-09 02:38:40,226 - INFO: true_links: 9
2023-12-09 02:38:40,226 - INFO: true link ratio: 15.25%
2023-12-09 02:38:40,255 - INFO: epoch 699 checkpoint!
2023-12-09 02:38:43,820 - INFO: l2r: acc of top [1, 10] = [0.9851 0.9991], mr = 1.052, mrr = 0.991, time = 3.5650 s 
2023-12-09 02:38:43,822 - INFO: r2l: acc of top [1, 10] = [0.9854 0.9993], mr = 1.074, mrr = 0.991, time = 3.5667 s 
2023-12-09 02:47:31,105 - INFO: new_links_elect: 52
2023-12-09 02:47:31,105 - INFO: train_ill length: 18958
2023-12-09 02:47:31,122 - INFO: true_links: 11
2023-12-09 02:47:31,122 - INFO: true link ratio: 21.15%
2023-12-09 02:47:31,153 - INFO: epoch 749 checkpoint!
2023-12-09 02:47:34,809 - INFO: l2r: acc of top [1, 10] = [0.9854 0.9992 ], mr = 1.070, mrr = 0.991, time = 3.6556 s 
2023-12-09 02:47:34,809 - INFO: r2l: acc of top [1, 10] = [0.9854 0.9992], mr = 1.069, mrr = 0.991, time = 3.6565 s 
2023-12-09 02:56:34,473 - INFO: new_links_elect: 49
2023-12-09 02:56:34,474 - INFO: train_ill length: 19007
2023-12-09 02:56:34,491 - INFO: true_links: 11
2023-12-09 02:56:34,491 - INFO: true link ratio: 22.45%
2023-12-09 02:56:34,518 - INFO: epoch 799 checkpoint!
2023-12-09 02:56:38,110 - INFO: l2r: acc of top [1, 10] = [0.9855 0.9994 ], mr = 1.076, mrr = 0.991, time = 3.5920 s 
2023-12-09 02:56:38,111 - INFO: r2l: acc of top [1, 10] = [0.9852 0.9991], mr = 1.074, mrr = 0.991, time = 3.5928 s 
2023-12-09 03:05:35,131 - INFO: new_links_elect: 34
2023-12-09 03:05:35,131 - INFO: train_ill length: 19041
2023-12-09 03:05:35,143 - INFO: true_links: 3
2023-12-09 03:05:35,143 - INFO: true link ratio: 8.82%
2023-12-09 03:05:35,172 - INFO: epoch 849 checkpoint!
2023-12-09 03:05:38,794 - INFO: l2r: acc of top [1, 10] = [0.986  0.9995], mr = 1.082, mrr = 0.991, time = 3.6208 s 
2023-12-09 03:05:38,795 - INFO: r2l: acc of top [1, 10] = [0.9856 0.9991], mr = 1.094, mrr = 0.991, time = 3.6223 s 
2023-12-09 03:14:35,107 - INFO: new_links_elect: 28
2023-12-09 03:14:35,108 - INFO: train_ill length: 19069
2023-12-09 03:14:35,118 - INFO: true_links: 4
2023-12-09 03:14:35,118 - INFO: true link ratio: 14.29%
2023-12-09 03:14:35,147 - INFO: epoch 899 checkpoint!
2023-12-09 03:14:38,844 - INFO: l2r: acc of top [1, 10] = [0.9857 0.9994 ], mr = 1.096, mrr = 0.991, time = 3.6968 s 
2023-12-09 03:14:38,844 - INFO: r2l: acc of top [1, 10] = [0.9857 0.9991], mr = 1.115, mrr = 0.991, time = 3.6975 s 
2023-12-09 03:23:34,539 - INFO: new_links_elect: 22
2023-12-09 03:23:34,539 - INFO: train_ill length: 19091
2023-12-09 03:23:34,548 - INFO: true_links: 4
2023-12-09 03:23:34,548 - INFO: true link ratio: 18.18%
2023-12-09 03:23:34,578 - INFO: epoch 949 checkpoint!
2023-12-09 03:23:38,315 - INFO: l2r: acc of top [1, 10] = [0.9857 0.9991 ], mr = 1.110, mrr = 0.991, time = 3.7366 s 
2023-12-09 03:23:38,317 - INFO: r2l: acc of top [1, 10] = [0.9853 0.9991], mr = 1.083, mrr = 0.991, time = 3.7381 s 
2023-12-09 03:32:34,314 - INFO: new_links_elect: 36
2023-12-09 03:32:34,314 - INFO: train_ill length: 19127
2023-12-09 03:32:34,328 - INFO: true_links: 10
2023-12-09 03:32:34,328 - INFO: true link ratio: 27.78%
2023-12-09 03:32:34,356 - INFO: epoch 999 checkpoint!
2023-12-09 03:32:38,685 - INFO: l2r: acc of top [1, 10] = [0.9856 0.9989], mr = 1.126, mrr = 0.991, time = 4.3289 s 
2023-12-09 03:32:38,686 - INFO: r2l: acc of top [1, 10] = [0.9854 0.999 ], mr = 1.087, mrr = 0.991, time = 4.3301 s 
