2023-12-11 23:06:21,161 - INFO: epoch 49 checkpoint!
2023-12-11 23:06:27,075 - INFO: l2r: acc of top [1, 10] = [0.9363 0.9861], mr = 2.227, mrr = 0.956, time = 5.9136 s 
2023-12-11 23:06:27,076 - INFO: r2l: acc of top [1, 10] = [0.933  0.9857], mr = 2.076, mrr = 0.954, time = 5.9149 s 
2023-12-11 23:09:56,337 - INFO: epoch 99 checkpoint!
2023-12-11 23:10:02,252 - INFO: l2r: acc of top [1, 10] = [0.9399 0.9875], mr = 2.247, mrr = 0.959, time = 5.9146 s 
2023-12-11 23:10:02,253 - INFO: r2l: acc of top [1, 10] = [0.9374 0.987 ], mr = 2.095, mrr = 0.957, time = 5.9154 s 
2023-12-11 23:13:31,461 - INFO: epoch 149 checkpoint!
2023-12-11 23:13:37,404 - INFO: l2r: acc of top [1, 10] = [0.9406 0.9875], mr = 2.349, mrr = 0.960, time = 5.9426 s 
2023-12-11 23:13:37,405 - INFO: r2l: acc of top [1, 10] = [0.9374 0.9872], mr = 2.274, mrr = 0.958, time = 5.9431 s 
2023-12-11 23:17:06,606 - INFO: epoch 199 checkpoint!
2023-12-11 23:17:12,482 - INFO: l2r: acc of top [1, 10] = [0.9404 0.9874], mr = 2.468, mrr = 0.960, time = 5.8755 s 
2023-12-11 23:17:12,483 - INFO: r2l: acc of top [1, 10] = [0.939  0.9867], mr = 2.466, mrr = 0.959, time = 5.8770 s 
2023-12-11 23:20:41,487 - INFO: epoch 249 checkpoint!
2023-12-11 23:20:47,452 - INFO: l2r: acc of top [1, 10] = [0.94  0.987], mr = 2.636, mrr = 0.959, time = 5.9638 s 
2023-12-11 23:20:47,453 - INFO: r2l: acc of top [1, 10] = [0.9392 0.9864], mr = 2.673, mrr = 0.959, time = 5.9656 s 
2023-12-11 23:24:16,633 - INFO: epoch 299 checkpoint!
2023-12-11 23:24:22,553 - INFO: l2r: acc of top [1, 10] = [0.9389 0.9875], mr = 2.814, mrr = 0.959, time = 5.9185 s 
2023-12-11 23:24:22,554 - INFO: r2l: acc of top [1, 10] = [0.9383 0.9862], mr = 2.828, mrr = 0.958, time = 5.9200 s 
2023-12-11 23:45:42,401 - INFO: new_links_elect: 8623
2023-12-11 23:45:42,403 - INFO: train_ill length: 15623
2023-12-11 23:45:44,657 - INFO: true_links: 4558
2023-12-11 23:45:44,657 - INFO: true link ratio: 52.86%
2023-12-11 23:45:45,528 - INFO: epoch 349 checkpoint!
2023-12-11 23:45:51,459 - INFO: l2r: acc of top [1, 10] = [0.939  0.9872], mr = 2.991, mrr = 0.959, time = 5.9300 s 
2023-12-11 23:45:51,460 - INFO: r2l: acc of top [1, 10] = [0.9373 0.9862], mr = 3.107, mrr = 0.957, time = 5.9315 s 
2023-12-11 23:59:25,093 - INFO: new_links_elect: 1788
2023-12-11 23:59:25,094 - INFO: train_ill length: 17411
2023-12-11 23:59:25,569 - INFO: true_links: 881
2023-12-11 23:59:25,569 - INFO: true link ratio: 49.27%
2023-12-11 23:59:25,687 - INFO: epoch 399 checkpoint!
2023-12-11 23:59:31,610 - INFO: l2r: acc of top [1, 10] = [0.9665 0.998 ], mr = 1.161, mrr = 0.980, time = 5.9228 s 
2023-12-11 23:59:31,612 - INFO: r2l: acc of top [1, 10] = [0.9639 0.997 ], mr = 1.189, mrr = 0.978, time = 5.9244 s 
2023-12-12 00:10:03,316 - INFO: new_links_elect: 629
2023-12-12 00:10:03,316 - INFO: train_ill length: 18040
2023-12-12 00:10:03,492 - INFO: true_links: 253
2023-12-12 00:10:03,492 - INFO: true link ratio: 40.22%
2023-12-12 00:10:03,546 - INFO: epoch 449 checkpoint!
2023-12-12 00:10:09,437 - INFO: l2r: acc of top [1, 10] = [0.9697 0.9988], mr = 1.113, mrr = 0.982, time = 5.8906 s 
2023-12-12 00:10:09,438 - INFO: r2l: acc of top [1, 10] = [0.9696 0.9987], mr = 1.131, mrr = 0.982, time = 5.8923 s 
2023-12-12 00:19:50,372 - INFO: new_links_elect: 281
2023-12-12 00:19:50,373 - INFO: train_ill length: 18321
2023-12-12 00:19:50,469 - INFO: true_links: 84
2023-12-12 00:19:50,469 - INFO: true link ratio: 29.89%
2023-12-12 00:19:50,521 - INFO: epoch 499 checkpoint!
2023-12-12 00:19:56,452 - INFO: l2r: acc of top [1, 10] = [0.9715 0.999 ], mr = 1.090, mrr = 0.983, time = 5.9311 s 
2023-12-12 00:19:56,453 - INFO: r2l: acc of top [1, 10] = [0.9724 0.999 ], mr = 1.092, mrr = 0.984, time = 5.9326 s 
2023-12-12 00:29:13,548 - INFO: new_links_elect: 138
2023-12-12 00:29:13,549 - INFO: train_ill length: 18459
2023-12-12 00:29:13,593 - INFO: true_links: 34
2023-12-12 00:29:13,593 - INFO: true link ratio: 24.64%
2023-12-12 00:29:13,635 - INFO: epoch 549 checkpoint!
2023-12-12 00:29:19,601 - INFO: l2r: acc of top [1, 10] = [0.9725 0.9987], mr = 1.085, mrr = 0.984, time = 5.9664 s 
2023-12-12 00:29:19,603 - INFO: r2l: acc of top [1, 10] = [0.973 0.999], mr = 1.086, mrr = 0.984, time = 5.9679 s 
2023-12-12 00:38:39,660 - INFO: new_links_elect: 105
2023-12-12 00:38:39,661 - INFO: train_ill length: 18564
2023-12-12 00:38:39,694 - INFO: true_links: 22
2023-12-12 00:38:39,694 - INFO: true link ratio: 20.95%
2023-12-12 00:38:39,738 - INFO: epoch 599 checkpoint!
2023-12-12 00:38:45,606 - INFO: l2r: acc of top [1, 10] = [0.9733 0.9987], mr = 1.081, mrr = 0.985, time = 5.8677 s 
2023-12-12 00:38:45,607 - INFO: r2l: acc of top [1, 10] = [0.9737 0.999 ], mr = 1.084, mrr = 0.985, time = 5.8689 s 
2023-12-12 00:47:59,551 - INFO: new_links_elect: 71
2023-12-12 00:47:59,551 - INFO: train_ill length: 18635
2023-12-12 00:47:59,572 - INFO: true_links: 21
2023-12-12 00:47:59,572 - INFO: true link ratio: 29.58%
2023-12-12 00:47:59,609 - INFO: epoch 649 checkpoint!
2023-12-12 00:48:05,490 - INFO: l2r: acc of top [1, 10] = [0.973  0.9987], mr = 1.085, mrr = 0.984, time = 5.8809 s 
2023-12-12 00:48:05,492 - INFO: r2l: acc of top [1, 10] = [0.9739 0.9989], mr = 1.091, mrr = 0.985, time = 5.8824 s 
2023-12-12 00:57:17,376 - INFO: new_links_elect: 59
2023-12-12 00:57:17,376 - INFO: train_ill length: 18694
2023-12-12 00:57:17,396 - INFO: true_links: 11
2023-12-12 00:57:17,396 - INFO: true link ratio: 18.64%
2023-12-12 00:57:17,432 - INFO: epoch 699 checkpoint!
2023-12-12 00:57:23,335 - INFO: l2r: acc of top [1, 10] = [0.9733 0.9987], mr = 1.089, mrr = 0.985, time = 5.9021 s 
2023-12-12 00:57:23,336 - INFO: r2l: acc of top [1, 10] = [0.9735 0.9988], mr = 1.100, mrr = 0.985, time = 5.9035 s 
2023-12-12 01:06:34,258 - INFO: new_links_elect: 46
2023-12-12 01:06:34,258 - INFO: train_ill length: 18740
2023-12-12 01:06:34,274 - INFO: true_links: 9
2023-12-12 01:06:34,274 - INFO: true link ratio: 19.57%
2023-12-12 01:06:34,310 - INFO: epoch 749 checkpoint!
2023-12-12 01:06:40,212 - INFO: l2r: acc of top [1, 10] = [0.9729 0.9985], mr = 1.102, mrr = 0.984, time = 5.9011 s 
2023-12-12 01:06:40,213 - INFO: r2l: acc of top [1, 10] = [0.9732 0.9988], mr = 1.110, mrr = 0.984, time = 5.9026 s 
2023-12-12 01:15:49,623 - INFO: new_links_elect: 43
2023-12-12 01:15:49,623 - INFO: train_ill length: 18783
2023-12-12 01:15:49,638 - INFO: true_links: 4
2023-12-12 01:15:49,638 - INFO: true link ratio: 9.30%
2023-12-12 01:15:49,683 - INFO: epoch 799 checkpoint!
2023-12-12 01:15:55,562 - INFO: l2r: acc of top [1, 10] = [0.973  0.9986], mr = 1.110, mrr = 0.984, time = 5.8778 s 
2023-12-12 01:15:55,563 - INFO: r2l: acc of top [1, 10] = [0.9733 0.9987], mr = 1.120, mrr = 0.985, time = 5.8794 s 
2023-12-12 01:25:04,912 - INFO: new_links_elect: 41
2023-12-12 01:25:04,913 - INFO: train_ill length: 18824
2023-12-12 01:25:04,926 - INFO: true_links: 8
2023-12-12 01:25:04,926 - INFO: true link ratio: 19.51%
2023-12-12 01:25:04,965 - INFO: epoch 849 checkpoint!
2023-12-12 01:25:10,841 - INFO: l2r: acc of top [1, 10] = [0.9716 0.9986], mr = 1.153, mrr = 0.984, time = 5.8746 s 
2023-12-12 01:25:10,841 - INFO: r2l: acc of top [1, 10] = [0.9728 0.9987], mr = 1.130, mrr = 0.984, time = 5.8752 s 
2023-12-12 01:34:24,388 - INFO: new_links_elect: 43
2023-12-12 01:34:24,388 - INFO: train_ill length: 18867
2023-12-12 01:34:24,402 - INFO: true_links: 15
2023-12-12 01:34:24,402 - INFO: true link ratio: 34.88%
2023-12-12 01:34:24,448 - INFO: epoch 899 checkpoint!
2023-12-12 01:34:30,412 - INFO: l2r: acc of top [1, 10] = [0.9711 0.9983], mr = 1.173, mrr = 0.983, time = 5.9626 s 
2023-12-12 01:34:30,413 - INFO: r2l: acc of top [1, 10] = [0.9725 0.9988], mr = 1.142, mrr = 0.984, time = 5.9640 s 
2023-12-12 01:43:42,164 - INFO: new_links_elect: 52
2023-12-12 01:43:42,165 - INFO: train_ill length: 18919
2023-12-12 01:43:42,182 - INFO: true_links: 9
2023-12-12 01:43:42,182 - INFO: true link ratio: 17.31%
2023-12-12 01:43:42,220 - INFO: epoch 949 checkpoint!
2023-12-12 01:43:48,145 - INFO: l2r: acc of top [1, 10] = [0.9707 0.9983], mr = 1.174, mrr = 0.983, time = 5.9253 s 
2023-12-12 01:43:48,147 - INFO: r2l: acc of top [1, 10] = [0.9706 0.9988], mr = 1.161, mrr = 0.983, time = 5.9268 s 
2023-12-12 01:52:57,744 - INFO: new_links_elect: 40
2023-12-12 01:52:57,744 - INFO: train_ill length: 18959
2023-12-12 01:52:57,759 - INFO: true_links: 4
2023-12-12 01:52:57,759 - INFO: true link ratio: 10.00%
2023-12-12 01:52:57,805 - INFO: epoch 999 checkpoint!
2023-12-12 01:53:04,221 - INFO: l2r: acc of top [1, 10] = [0.969  0.9984], mr = 1.191, mrr = 0.982, time = 6.4159 s 
2023-12-12 01:53:04,222 - INFO: r2l: acc of top [1, 10] = [0.9698 0.9985], mr = 1.201, mrr = 0.983, time = 6.4171 s 
