2023-12-09 00:53:00,671 - INFO: epoch 49 checkpoint!
2023-12-09 00:53:04,205 - INFO: l2r: acc of top [1, 10] = [0.9686 0.9961], mr = 1.185, mrr = 0.979, time = 3.5331 s 
2023-12-09 00:53:04,207 - INFO: r2l: acc of top [1, 10] = [0.968  0.9963], mr = 1.223, mrr = 0.979, time = 3.5356 s 
2023-12-09 00:56:31,745 - INFO: epoch 99 checkpoint!
2023-12-09 00:56:35,290 - INFO: l2r: acc of top [1, 10] = [0.9713 0.9964], mr = 1.174, mrr = 0.981, time = 3.5441 s 
2023-12-09 00:56:35,292 - INFO: r2l: acc of top [1, 10] = [0.973  0.9963], mr = 1.184, mrr = 0.982, time = 3.5458 s 
2023-12-09 01:00:03,267 - INFO: epoch 149 checkpoint!
2023-12-09 01:00:06,772 - INFO: l2r: acc of top [1, 10] = [0.9731 0.9965], mr = 1.188, mrr = 0.982, time = 3.5046 s 
2023-12-09 01:00:06,774 - INFO: r2l: acc of top [1, 10] = [0.9744 0.9965], mr = 1.191, mrr = 0.983, time = 3.5065 s 
2023-12-09 01:03:34,224 - INFO: epoch 199 checkpoint!
2023-12-09 01:03:37,951 - INFO: l2r: acc of top [1, 10] = [0.9745 0.9957], mr = 1.221, mrr = 0.983, time = 3.7257 s 
2023-12-09 01:03:37,952 - INFO: r2l: acc of top [1, 10] = [0.9752 0.9965], mr = 1.208, mrr = 0.983, time = 3.7276 s 
2023-12-09 01:07:05,606 - INFO: epoch 249 checkpoint!
2023-12-09 01:07:09,072 - INFO: l2r: acc of top [1, 10] = [0.975  0.9953], mr = 1.248, mrr = 0.983, time = 3.4648 s 
2023-12-09 01:07:09,073 - INFO: r2l: acc of top [1, 10] = [0.9754 0.996 ], mr = 1.235, mrr = 0.983, time = 3.4664 s 
2023-12-09 01:10:35,891 - INFO: epoch 299 checkpoint!
2023-12-09 01:10:39,603 - INFO: l2r: acc of top [1, 10] = [0.9751 0.9947], mr = 1.271, mrr = 0.983, time = 3.7112 s 
2023-12-09 01:10:39,606 - INFO: r2l: acc of top [1, 10] = [0.975  0.9957], mr = 1.253, mrr = 0.983, time = 3.7143 s 
2023-12-09 01:39:06,814 - INFO: new_links_elect: 10011
2023-12-09 01:39:06,818 - INFO: train_ill length: 17002
2023-12-09 01:39:09,487 - INFO: true_links: 5251
2023-12-09 01:39:09,487 - INFO: true link ratio: 52.45%
2023-12-09 01:39:10,358 - INFO: epoch 349 checkpoint!
2023-12-09 01:39:14,069 - INFO: l2r: acc of top [1, 10] = [0.9756 0.9952], mr = 1.298, mrr = 0.984, time = 3.7107 s 
2023-12-09 01:39:14,070 - INFO: r2l: acc of top [1, 10] = [0.9773 0.9961], mr = 1.234, mrr = 0.985, time = 3.7121 s 
2023-12-09 01:55:22,732 - INFO: new_links_elect: 1425
2023-12-09 01:55:22,733 - INFO: train_ill length: 18427
2023-12-09 01:55:23,105 - INFO: true_links: 801
2023-12-09 01:55:23,105 - INFO: true link ratio: 56.21%
2023-12-09 01:55:23,185 - INFO: epoch 399 checkpoint!
2023-12-09 01:55:26,765 - INFO: l2r: acc of top [1, 10] = [0.99   0.9996], mr = 1.021, mrr = 0.994, time = 3.5794 s 
2023-12-09 01:55:26,766 - INFO: r2l: acc of top [1, 10] = [0.9896 1.    ], mr = 1.016, mrr = 0.994, time = 3.5808 s 
2023-12-09 02:06:33,123 - INFO: new_links_elect: 470
2023-12-09 02:06:33,123 - INFO: train_ill length: 18897
2023-12-09 02:06:33,253 - INFO: true_links: 216
2023-12-09 02:06:33,253 - INFO: true link ratio: 45.96%
2023-12-09 02:06:33,302 - INFO: epoch 449 checkpoint!
2023-12-09 02:06:36,956 - INFO: l2r: acc of top [1, 10] = [0.9932 0.9998], mr = 1.014, mrr = 0.996, time = 3.6531 s 
2023-12-09 02:06:36,957 - INFO: r2l: acc of top [1, 10] = [0.9934 1.    ], mr = 1.010, mrr = 0.996, time = 3.6546 s 
2023-12-09 02:16:32,908 - INFO: new_links_elect: 197
2023-12-09 02:16:32,908 - INFO: train_ill length: 19094
2023-12-09 02:16:32,967 - INFO: true_links: 71
2023-12-09 02:16:32,967 - INFO: true link ratio: 36.04%
2023-12-09 02:16:33,006 - INFO: epoch 499 checkpoint!
2023-12-09 02:16:36,656 - INFO: l2r: acc of top [1, 10] = [0.995 1.   ], mr = 1.008, mrr = 0.997, time = 3.6494 s 
2023-12-09 02:16:36,656 - INFO: r2l: acc of top [1, 10] = [0.9951 1.    ], mr = 1.007, mrr = 0.997, time = 3.6499 s 
2023-12-09 02:26:13,669 - INFO: new_links_elect: 107
2023-12-09 02:26:13,669 - INFO: train_ill length: 19201
2023-12-09 02:26:13,700 - INFO: true_links: 45
2023-12-09 02:26:13,700 - INFO: true link ratio: 42.06%
2023-12-09 02:26:13,737 - INFO: epoch 549 checkpoint!
2023-12-09 02:26:17,312 - INFO: l2r: acc of top [1, 10] = [0.9952 1.    ], mr = 1.007, mrr = 0.997, time = 3.5742 s 
2023-12-09 02:26:17,313 - INFO: r2l: acc of top [1, 10] = [0.9958 1.    ], mr = 1.006, mrr = 0.998, time = 3.5755 s 
2023-12-09 02:35:39,530 - INFO: new_links_elect: 64
2023-12-09 02:35:39,530 - INFO: train_ill length: 19265
2023-12-09 02:35:39,550 - INFO: true_links: 22
2023-12-09 02:35:39,550 - INFO: true link ratio: 34.38%
2023-12-09 02:35:39,592 - INFO: epoch 599 checkpoint!
2023-12-09 02:35:43,215 - INFO: l2r: acc of top [1, 10] = [0.9962 1.    ], mr = 1.007, mrr = 0.998, time = 3.6225 s 
2023-12-09 02:35:43,216 - INFO: r2l: acc of top [1, 10] = [0.996 1.   ], mr = 1.006, mrr = 0.998, time = 3.6240 s 
2023-12-09 02:44:59,217 - INFO: new_links_elect: 39
2023-12-09 02:44:59,217 - INFO: train_ill length: 19304
2023-12-09 02:44:59,231 - INFO: true_links: 10
2023-12-09 02:44:59,231 - INFO: true link ratio: 25.64%
2023-12-09 02:44:59,263 - INFO: epoch 649 checkpoint!
2023-12-09 02:45:02,928 - INFO: l2r: acc of top [1, 10] = [0.9966 0.9999], mr = 1.006, mrr = 0.998, time = 3.6640 s 
2023-12-09 02:45:02,929 - INFO: r2l: acc of top [1, 10] = [0.9965 0.9999], mr = 1.006, mrr = 0.998, time = 3.6656 s 
2023-12-09 02:54:14,820 - INFO: new_links_elect: 33
2023-12-09 02:54:14,820 - INFO: train_ill length: 19337
2023-12-09 02:54:14,832 - INFO: true_links: 1
2023-12-09 02:54:14,832 - INFO: true link ratio: 3.03%
2023-12-09 02:54:14,864 - INFO: epoch 699 checkpoint!
2023-12-09 02:54:18,458 - INFO: l2r: acc of top [1, 10] = [0.9969 0.9999], mr = 1.006, mrr = 0.998, time = 3.5932 s 
2023-12-09 02:54:18,459 - INFO: r2l: acc of top [1, 10] = [0.9966 0.9999], mr = 1.006, mrr = 0.998, time = 3.5947 s 
2023-12-09 03:03:29,578 - INFO: new_links_elect: 19
2023-12-09 03:03:29,579 - INFO: train_ill length: 19356
2023-12-09 03:03:29,586 - INFO: true_links: 1
2023-12-09 03:03:29,586 - INFO: true link ratio: 5.26%
2023-12-09 03:03:29,628 - INFO: epoch 749 checkpoint!
2023-12-09 03:03:33,334 - INFO: l2r: acc of top [1, 10] = [0.9968 0.9999], mr = 1.006, mrr = 0.998, time = 3.7049 s 
2023-12-09 03:03:33,335 - INFO: r2l: acc of top [1, 10] = [0.9968 0.9999], mr = 1.006, mrr = 0.998, time = 3.7063 s 
2023-12-09 03:12:45,030 - INFO: new_links_elect: 25
2023-12-09 03:12:45,031 - INFO: train_ill length: 19381
2023-12-09 03:12:45,041 - INFO: true_links: 1
2023-12-09 03:12:45,041 - INFO: true link ratio: 4.00%
2023-12-09 03:12:45,086 - INFO: epoch 799 checkpoint!
2023-12-09 03:12:48,713 - INFO: l2r: acc of top [1, 10] = [0.9969 0.9999], mr = 1.006, mrr = 0.998, time = 3.6263 s 
2023-12-09 03:12:48,714 - INFO: r2l: acc of top [1, 10] = [0.9967 0.9999], mr = 1.006, mrr = 0.998, time = 3.6278 s 
2023-12-09 03:22:00,081 - INFO: new_links_elect: 24
2023-12-09 03:22:00,081 - INFO: train_ill length: 19405
2023-12-09 03:22:00,091 - INFO: true_links: 2
2023-12-09 03:22:00,091 - INFO: true link ratio: 8.33%
2023-12-09 03:22:00,127 - INFO: epoch 849 checkpoint!
2023-12-09 03:22:03,773 - INFO: l2r: acc of top [1, 10] = [0.997  0.9999], mr = 1.005, mrr = 0.998, time = 3.6452 s 
2023-12-09 03:22:03,774 - INFO: r2l: acc of top [1, 10] = [0.9963 0.9999], mr = 1.006, mrr = 0.998, time = 3.6468 s 
2023-12-09 03:31:14,413 - INFO: new_links_elect: 15
2023-12-09 03:31:14,413 - INFO: train_ill length: 19420
2023-12-09 03:31:14,420 - INFO: true_links: 2
2023-12-09 03:31:14,420 - INFO: true link ratio: 13.33%
2023-12-09 03:31:14,460 - INFO: epoch 899 checkpoint!
2023-12-09 03:31:18,070 - INFO: l2r: acc of top [1, 10] = [0.9971 0.9998], mr = 1.005, mrr = 0.998, time = 3.6095 s 
2023-12-09 03:31:18,072 - INFO: r2l: acc of top [1, 10] = [0.9967 0.9999], mr = 1.006, mrr = 0.998, time = 3.6113 s 
2023-12-09 03:40:29,052 - INFO: new_links_elect: 17
2023-12-09 03:40:29,052 - INFO: train_ill length: 19437
2023-12-09 03:40:29,058 - INFO: true_links: 2
2023-12-09 03:40:29,058 - INFO: true link ratio: 11.76%
2023-12-09 03:40:29,094 - INFO: epoch 949 checkpoint!
2023-12-09 03:40:32,729 - INFO: l2r: acc of top [1, 10] = [0.9971 0.9998], mr = 1.006, mrr = 0.998, time = 3.6353 s 
2023-12-09 03:40:32,731 - INFO: r2l: acc of top [1, 10] = [0.9968 0.9999], mr = 1.006, mrr = 0.998, time = 3.6368 s 
2023-12-09 03:49:44,022 - INFO: new_links_elect: 20
2023-12-09 03:49:44,022 - INFO: train_ill length: 19457
2023-12-09 03:49:44,030 - INFO: true_links: 2
2023-12-09 03:49:44,030 - INFO: true link ratio: 10.00%
2023-12-09 03:49:44,073 - INFO: epoch 999 checkpoint!
2023-12-09 03:49:48,088 - INFO: l2r: acc of top [1, 10] = [0.997  0.9999], mr = 1.006, mrr = 0.998, time = 4.0149 s 
2023-12-09 03:49:48,089 - INFO: r2l: acc of top [1, 10] = [0.9967 0.9999], mr = 1.006, mrr = 0.998, time = 4.0159 s 
