2023-12-12 18:05:54,268 - INFO: epoch 49 checkpoint!
2023-12-12 18:05:57,499 - INFO: l2r: acc of top [1, 10] = [0.9686 0.9961], mr = 1.185, mrr = 0.979, time = 3.2299 s 
2023-12-12 18:05:57,501 - INFO: r2l: acc of top [1, 10] = [0.968  0.9963], mr = 1.223, mrr = 0.979, time = 3.2319 s 
2023-12-12 18:09:20,596 - INFO: epoch 99 checkpoint!
2023-12-12 18:09:23,795 - INFO: l2r: acc of top [1, 10] = [0.9713 0.9964], mr = 1.174, mrr = 0.981, time = 3.1986 s 
2023-12-12 18:09:23,797 - INFO: r2l: acc of top [1, 10] = [0.973  0.9963], mr = 1.184, mrr = 0.982, time = 3.2001 s 
2023-12-12 18:12:45,410 - INFO: epoch 149 checkpoint!
2023-12-12 18:12:48,617 - INFO: l2r: acc of top [1, 10] = [0.9731 0.9965], mr = 1.188, mrr = 0.982, time = 3.2067 s 
2023-12-12 18:12:48,617 - INFO: r2l: acc of top [1, 10] = [0.9744 0.9965], mr = 1.191, mrr = 0.983, time = 3.2072 s 
2023-12-12 18:16:10,711 - INFO: epoch 199 checkpoint!
2023-12-12 18:16:13,895 - INFO: l2r: acc of top [1, 10] = [0.9745 0.9957], mr = 1.221, mrr = 0.983, time = 3.1833 s 
2023-12-12 18:16:13,896 - INFO: r2l: acc of top [1, 10] = [0.9752 0.9965], mr = 1.208, mrr = 0.983, time = 3.1850 s 
2023-12-12 18:19:36,379 - INFO: epoch 249 checkpoint!
2023-12-12 18:19:39,570 - INFO: l2r: acc of top [1, 10] = [0.975  0.9953], mr = 1.248, mrr = 0.983, time = 3.1899 s 
2023-12-12 18:19:39,571 - INFO: r2l: acc of top [1, 10] = [0.9754 0.996 ], mr = 1.235, mrr = 0.983, time = 3.1914 s 
2023-12-12 18:23:01,395 - INFO: epoch 299 checkpoint!
2023-12-12 18:23:04,564 - INFO: l2r: acc of top [1, 10] = [0.9751 0.9947], mr = 1.271, mrr = 0.983, time = 3.1688 s 
2023-12-12 18:23:04,566 - INFO: r2l: acc of top [1, 10] = [0.975  0.9957], mr = 1.253, mrr = 0.983, time = 3.1705 s 
2023-12-12 18:30:50,841 - INFO: new_links_elect: 10742
2023-12-12 18:30:50,844 - INFO: train_ill length: 17733
2023-12-12 18:30:53,654 - INFO: true_links: 5734
2023-12-12 18:30:53,654 - INFO: true link ratio: 53.38%
2023-12-12 18:30:54,425 - INFO: epoch 349 checkpoint!
2023-12-12 18:30:57,583 - INFO: l2r: acc of top [1, 10] = [0.9756 0.9952], mr = 1.298, mrr = 0.984, time = 3.1575 s 
2023-12-12 18:30:57,585 - INFO: r2l: acc of top [1, 10] = [0.9773 0.9961], mr = 1.234, mrr = 0.985, time = 3.1590 s 
2023-12-12 18:39:12,475 - INFO: new_links_elect: 1004
2023-12-12 18:39:12,475 - INFO: train_ill length: 18737
2023-12-12 18:39:12,743 - INFO: true_links: 488
2023-12-12 18:39:12,743 - INFO: true link ratio: 48.61%
2023-12-12 18:39:12,777 - INFO: epoch 399 checkpoint!
2023-12-12 18:39:15,948 - INFO: l2r: acc of top [1, 10] = [0.9903 0.9997], mr = 1.021, mrr = 0.994, time = 3.1703 s 
2023-12-12 18:39:15,949 - INFO: r2l: acc of top [1, 10] = [0.9893 0.9999], mr = 1.016, mrr = 0.994, time = 3.1718 s 
2023-12-12 18:47:55,127 - INFO: new_links_elect: 367
2023-12-12 18:47:55,128 - INFO: train_ill length: 19104
2023-12-12 18:47:55,233 - INFO: true_links: 147
2023-12-12 18:47:55,233 - INFO: true link ratio: 40.05%
2023-12-12 18:47:55,264 - INFO: epoch 449 checkpoint!
2023-12-12 18:47:58,436 - INFO: l2r: acc of top [1, 10] = [0.9936 0.9999], mr = 1.014, mrr = 0.996, time = 3.1710 s 
2023-12-12 18:47:58,437 - INFO: r2l: acc of top [1, 10] = [0.9928 1.    ], mr = 1.011, mrr = 0.996, time = 3.1727 s 
2023-12-12 18:56:50,224 - INFO: new_links_elect: 152
2023-12-12 18:56:50,224 - INFO: train_ill length: 19256
2023-12-12 18:56:50,270 - INFO: true_links: 45
2023-12-12 18:56:50,270 - INFO: true link ratio: 29.61%
2023-12-12 18:56:50,287 - INFO: epoch 499 checkpoint!
2023-12-12 18:56:53,470 - INFO: l2r: acc of top [1, 10] = [0.9952 1.    ], mr = 1.008, mrr = 0.997, time = 3.1828 s 
2023-12-12 18:56:53,471 - INFO: r2l: acc of top [1, 10] = [0.9952 1.    ], mr = 1.007, mrr = 0.997, time = 3.1845 s 
2023-12-12 19:05:44,610 - INFO: new_links_elect: 97
2023-12-12 19:05:44,610 - INFO: train_ill length: 19353
2023-12-12 19:05:44,642 - INFO: true_links: 15
2023-12-12 19:05:44,642 - INFO: true link ratio: 15.46%
2023-12-12 19:05:44,668 - INFO: epoch 549 checkpoint!
2023-12-12 19:05:47,865 - INFO: l2r: acc of top [1, 10] = [0.9958 0.9999], mr = 1.008, mrr = 0.998, time = 3.1968 s 
2023-12-12 19:05:47,866 - INFO: r2l: acc of top [1, 10] = [0.996  0.9999], mr = 1.007, mrr = 0.998, time = 3.1984 s 
2023-12-12 19:14:40,221 - INFO: new_links_elect: 59
2023-12-12 19:14:40,222 - INFO: train_ill length: 19412
2023-12-12 19:14:40,241 - INFO: true_links: 7
2023-12-12 19:14:40,241 - INFO: true link ratio: 11.86%
2023-12-12 19:14:40,269 - INFO: epoch 599 checkpoint!
2023-12-12 19:14:43,437 - INFO: l2r: acc of top [1, 10] = [0.9962 0.9999], mr = 1.007, mrr = 0.998, time = 3.1675 s 
2023-12-12 19:14:43,439 - INFO: r2l: acc of top [1, 10] = [0.9964 0.9998], mr = 1.006, mrr = 0.998, time = 3.1691 s 
2023-12-12 19:23:36,965 - INFO: new_links_elect: 41
2023-12-12 19:23:36,965 - INFO: train_ill length: 19453
2023-12-12 19:23:36,980 - INFO: true_links: 5
2023-12-12 19:23:36,980 - INFO: true link ratio: 12.20%
2023-12-12 19:23:36,997 - INFO: epoch 649 checkpoint!
2023-12-12 19:23:40,146 - INFO: l2r: acc of top [1, 10] = [0.9964 0.9999], mr = 1.007, mrr = 0.998, time = 3.1489 s 
2023-12-12 19:23:40,147 - INFO: r2l: acc of top [1, 10] = [0.9964 0.9998], mr = 1.007, mrr = 0.998, time = 3.1504 s 
2023-12-12 19:32:31,522 - INFO: new_links_elect: 36
2023-12-12 19:32:31,522 - INFO: train_ill length: 19489
2023-12-12 19:32:31,535 - INFO: true_links: 0
2023-12-12 19:32:31,535 - INFO: true link ratio: 0.00%
2023-12-12 19:32:31,554 - INFO: epoch 699 checkpoint!
2023-12-12 19:32:34,723 - INFO: l2r: acc of top [1, 10] = [0.9964 0.9999], mr = 1.007, mrr = 0.998, time = 3.1684 s 
2023-12-12 19:32:34,724 - INFO: r2l: acc of top [1, 10] = [0.9964 0.9998], mr = 1.007, mrr = 0.998, time = 3.1699 s 
2023-12-12 19:41:38,886 - INFO: new_links_elect: 28
2023-12-12 19:41:38,887 - INFO: train_ill length: 19517
2023-12-12 19:41:38,897 - INFO: true_links: 0
2023-12-12 19:41:38,897 - INFO: true link ratio: 0.00%
2023-12-12 19:41:38,913 - INFO: epoch 749 checkpoint!
2023-12-12 19:41:42,079 - INFO: l2r: acc of top [1, 10] = [0.9967 0.9999], mr = 1.007, mrr = 0.998, time = 3.1655 s 
2023-12-12 19:41:42,080 - INFO: r2l: acc of top [1, 10] = [0.9964 0.9998], mr = 1.007, mrr = 0.998, time = 3.1668 s 
2023-12-12 19:50:47,410 - INFO: new_links_elect: 23
2023-12-12 19:50:47,411 - INFO: train_ill length: 19540
2023-12-12 19:50:47,421 - INFO: true_links: 0
2023-12-12 19:50:47,421 - INFO: true link ratio: 0.00%
2023-12-12 19:50:47,438 - INFO: epoch 799 checkpoint!
2023-12-12 19:50:50,616 - INFO: l2r: acc of top [1, 10] = [0.9965 0.9999], mr = 1.007, mrr = 0.998, time = 3.1770 s 
2023-12-12 19:50:50,617 - INFO: r2l: acc of top [1, 10] = [0.9964 0.9999], mr = 1.007, mrr = 0.998, time = 3.1785 s 
2023-12-12 19:59:56,344 - INFO: new_links_elect: 24
2023-12-12 19:59:56,344 - INFO: train_ill length: 19564
2023-12-12 19:59:56,354 - INFO: true_links: 0
2023-12-12 19:59:56,354 - INFO: true link ratio: 0.00%
2023-12-12 19:59:56,371 - INFO: epoch 849 checkpoint!
2023-12-12 19:59:59,560 - INFO: l2r: acc of top [1, 10] = [0.9966 0.9999], mr = 1.007, mrr = 0.998, time = 3.1888 s 
2023-12-12 19:59:59,561 - INFO: r2l: acc of top [1, 10] = [0.9964 0.9998], mr = 1.007, mrr = 0.998, time = 3.1901 s 
2023-12-12 20:09:05,955 - INFO: new_links_elect: 20
2023-12-12 20:09:05,955 - INFO: train_ill length: 19584
2023-12-12 20:09:05,963 - INFO: true_links: 0
2023-12-12 20:09:05,963 - INFO: true link ratio: 0.00%
2023-12-12 20:09:05,980 - INFO: epoch 899 checkpoint!
2023-12-12 20:09:09,162 - INFO: l2r: acc of top [1, 10] = [0.9965 0.9999], mr = 1.007, mrr = 0.998, time = 3.1806 s 
2023-12-12 20:09:09,163 - INFO: r2l: acc of top [1, 10] = [0.9963 0.9998], mr = 1.007, mrr = 0.998, time = 3.1823 s 
2023-12-12 20:18:15,626 - INFO: new_links_elect: 14
2023-12-12 20:18:15,626 - INFO: train_ill length: 19598
2023-12-12 20:18:15,632 - INFO: true_links: 0
2023-12-12 20:18:15,632 - INFO: true link ratio: 0.00%
2023-12-12 20:18:15,649 - INFO: epoch 949 checkpoint!
2023-12-12 20:18:18,823 - INFO: l2r: acc of top [1, 10] = [0.9964 0.9999], mr = 1.007, mrr = 0.998, time = 3.1737 s 
2023-12-12 20:18:18,825 - INFO: r2l: acc of top [1, 10] = [0.9964 0.9998], mr = 1.007, mrr = 0.998, time = 3.1756 s 
2023-12-12 20:27:24,658 - INFO: new_links_elect: 14
2023-12-12 20:27:24,659 - INFO: train_ill length: 19612
2023-12-12 20:27:24,665 - INFO: true_links: 0
2023-12-12 20:27:24,665 - INFO: true link ratio: 0.00%
2023-12-12 20:27:24,682 - INFO: epoch 999 checkpoint!
2023-12-12 20:27:28,227 - INFO: l2r: acc of top [1, 10] = [0.9962 0.9999], mr = 1.007, mrr = 0.998, time = 3.5446 s 
2023-12-12 20:27:28,227 - INFO: r2l: acc of top [1, 10] = [0.9964 0.9998], mr = 1.006, mrr = 0.998, time = 3.5456 s 
