2023-12-08 18:45:06,850 - INFO: epoch 49 checkpoint!
2023-12-08 18:45:10,062 - INFO: l2r: acc of top [1, 10] = [0.901  0.9772], mr = 2.181, mrr = 0.930, time = 3.2111 s 
2023-12-08 18:45:10,063 - INFO: r2l: acc of top [1, 10] = [0.893  0.9754], mr = 2.215, mrr = 0.924, time = 3.2127 s 
2023-12-08 18:48:04,106 - INFO: epoch 99 checkpoint!
2023-12-08 18:48:07,345 - INFO: l2r: acc of top [1, 10] = [0.9079 0.9806], mr = 2.059, mrr = 0.935, time = 3.2380 s 
2023-12-08 18:48:07,346 - INFO: r2l: acc of top [1, 10] = [0.9012 0.9796], mr = 2.032, mrr = 0.930, time = 3.2400 s 
2023-12-08 18:51:01,776 - INFO: epoch 149 checkpoint!
2023-12-08 18:51:05,036 - INFO: l2r: acc of top [1, 10] = [0.9071 0.9803], mr = 2.186, mrr = 0.935, time = 3.2595 s 
2023-12-08 18:51:05,038 - INFO: r2l: acc of top [1, 10] = [0.9017 0.9807], mr = 2.109, mrr = 0.931, time = 3.2611 s 
2023-12-08 18:53:59,219 - INFO: epoch 199 checkpoint!
2023-12-08 18:54:02,450 - INFO: l2r: acc of top [1, 10] = [0.9061 0.9806], mr = 2.322, mrr = 0.935, time = 3.2301 s 
2023-12-08 18:54:02,451 - INFO: r2l: acc of top [1, 10] = [0.9042 0.981 ], mr = 2.215, mrr = 0.932, time = 3.2315 s 
2023-12-08 18:56:56,215 - INFO: epoch 249 checkpoint!
2023-12-08 18:56:59,453 - INFO: l2r: acc of top [1, 10] = [0.9063 0.9804], mr = 2.448, mrr = 0.935, time = 3.2377 s 
2023-12-08 18:56:59,454 - INFO: r2l: acc of top [1, 10] = [0.9037 0.9802], mr = 2.324, mrr = 0.932, time = 3.2389 s 
2023-12-08 18:59:53,903 - INFO: epoch 299 checkpoint!
2023-12-08 18:59:57,142 - INFO: l2r: acc of top [1, 10] = [0.9054 0.979 ], mr = 2.608, mrr = 0.934, time = 3.2387 s 
2023-12-08 18:59:57,144 - INFO: r2l: acc of top [1, 10] = [0.9033 0.9791], mr = 2.452, mrr = 0.932, time = 3.2401 s 
2023-12-08 19:18:23,852 - INFO: new_links_elect: 7642
2023-12-08 19:18:23,856 - INFO: train_ill length: 14642
2023-12-08 19:18:25,815 - INFO: true_links: 4004
2023-12-08 19:18:25,815 - INFO: true link ratio: 52.39%
2023-12-08 19:18:26,575 - INFO: epoch 349 checkpoint!
2023-12-08 19:18:29,792 - INFO: l2r: acc of top [1, 10] = [0.9044 0.9785], mr = 2.737, mrr = 0.933, time = 3.2167 s 
2023-12-08 19:18:29,794 - INFO: r2l: acc of top [1, 10] = [0.9029 0.979 ], mr = 2.589, mrr = 0.932, time = 3.2181 s 
2023-12-08 19:29:42,740 - INFO: new_links_elect: 1652
2023-12-08 19:29:42,742 - INFO: train_ill length: 16294
2023-12-08 19:29:43,164 - INFO: true_links: 831
2023-12-08 19:29:43,164 - INFO: true link ratio: 50.30%
2023-12-08 19:29:43,262 - INFO: epoch 399 checkpoint!
2023-12-08 19:29:46,479 - INFO: l2r: acc of top [1, 10] = [0.9383 0.9921], mr = 1.426, mrr = 0.960, time = 3.2165 s 
2023-12-08 19:29:46,481 - INFO: r2l: acc of top [1, 10] = [0.9329 0.9924], mr = 1.391, mrr = 0.956, time = 3.2184 s 
2023-12-08 19:38:40,925 - INFO: new_links_elect: 737
2023-12-08 19:38:40,926 - INFO: train_ill length: 17031
2023-12-08 19:38:41,120 - INFO: true_links: 335
2023-12-08 19:38:41,120 - INFO: true link ratio: 45.45%
2023-12-08 19:38:41,165 - INFO: epoch 449 checkpoint!
2023-12-08 19:38:44,426 - INFO: l2r: acc of top [1, 10] = [0.945  0.9941], mr = 1.280, mrr = 0.965, time = 3.2606 s 
2023-12-08 19:38:44,428 - INFO: r2l: acc of top [1, 10] = [0.9416 0.9946], mr = 1.285, mrr = 0.962, time = 3.2620 s 
2023-12-08 19:46:55,054 - INFO: new_links_elect: 386
2023-12-08 19:46:55,055 - INFO: train_ill length: 17417
2023-12-08 19:46:55,158 - INFO: true_links: 175
2023-12-08 19:46:55,158 - INFO: true link ratio: 45.34%
2023-12-08 19:46:55,215 - INFO: epoch 499 checkpoint!
2023-12-08 19:46:58,459 - INFO: l2r: acc of top [1, 10] = [0.9478 0.9946], mr = 1.254, mrr = 0.967, time = 3.2434 s 
2023-12-08 19:46:58,460 - INFO: r2l: acc of top [1, 10] = [0.9473 0.9948], mr = 1.257, mrr = 0.966, time = 3.2449 s 
2023-12-08 19:54:49,792 - INFO: new_links_elect: 213
2023-12-08 19:54:49,793 - INFO: train_ill length: 17630
2023-12-08 19:54:49,857 - INFO: true_links: 62
2023-12-08 19:54:49,857 - INFO: true link ratio: 29.11%
2023-12-08 19:54:49,886 - INFO: epoch 549 checkpoint!
2023-12-08 19:54:53,179 - INFO: l2r: acc of top [1, 10] = [0.9506 0.995 ], mr = 1.244, mrr = 0.969, time = 3.2934 s 
2023-12-08 19:54:53,181 - INFO: r2l: acc of top [1, 10] = [0.949 0.995], mr = 1.253, mrr = 0.967, time = 3.2953 s 
2023-12-08 20:02:30,787 - INFO: new_links_elect: 150
2023-12-08 20:02:30,787 - INFO: train_ill length: 17780
2023-12-08 20:02:30,831 - INFO: true_links: 41
2023-12-08 20:02:30,831 - INFO: true link ratio: 27.33%
2023-12-08 20:02:30,879 - INFO: epoch 599 checkpoint!
2023-12-08 20:02:34,122 - INFO: l2r: acc of top [1, 10] = [0.9513 0.995 ], mr = 1.247, mrr = 0.969, time = 3.2426 s 
2023-12-08 20:02:34,123 - INFO: r2l: acc of top [1, 10] = [0.9493 0.9953], mr = 1.266, mrr = 0.968, time = 3.2440 s 
2023-12-08 20:10:08,511 - INFO: new_links_elect: 136
2023-12-08 20:10:08,512 - INFO: train_ill length: 17916
2023-12-08 20:10:08,553 - INFO: true_links: 46
2023-12-08 20:10:08,553 - INFO: true link ratio: 33.82%
2023-12-08 20:10:08,603 - INFO: epoch 649 checkpoint!
2023-12-08 20:10:11,823 - INFO: l2r: acc of top [1, 10] = [0.9519 0.9951], mr = 1.245, mrr = 0.969, time = 3.2196 s 
2023-12-08 20:10:11,824 - INFO: r2l: acc of top [1, 10] = [0.9501 0.9953], mr = 1.273, mrr = 0.968, time = 3.2210 s 
2023-12-08 20:17:41,885 - INFO: new_links_elect: 99
2023-12-08 20:17:41,885 - INFO: train_ill length: 18015
2023-12-08 20:17:41,917 - INFO: true_links: 20
2023-12-08 20:17:41,917 - INFO: true link ratio: 20.20%
2023-12-08 20:17:41,963 - INFO: epoch 699 checkpoint!
2023-12-08 20:17:45,249 - INFO: l2r: acc of top [1, 10] = [0.9524 0.9954], mr = 1.240, mrr = 0.970, time = 3.2850 s 
2023-12-08 20:17:45,250 - INFO: r2l: acc of top [1, 10] = [0.95   0.9956], mr = 1.287, mrr = 0.968, time = 3.2862 s 
2023-12-08 20:25:21,367 - INFO: new_links_elect: 79
2023-12-08 20:25:21,368 - INFO: train_ill length: 18094
2023-12-08 20:25:21,394 - INFO: true_links: 27
2023-12-08 20:25:21,394 - INFO: true link ratio: 34.18%
2023-12-08 20:25:21,418 - INFO: epoch 749 checkpoint!
2023-12-08 20:25:24,782 - INFO: l2r: acc of top [1, 10] = [0.9518 0.9956], mr = 1.236, mrr = 0.970, time = 3.3631 s 
2023-12-08 20:25:24,783 - INFO: r2l: acc of top [1, 10] = [0.9512 0.9953], mr = 1.296, mrr = 0.969, time = 3.3649 s 
2023-12-08 20:33:04,628 - INFO: new_links_elect: 98
2023-12-08 20:33:04,628 - INFO: train_ill length: 18192
2023-12-08 20:33:04,659 - INFO: true_links: 21
2023-12-08 20:33:04,659 - INFO: true link ratio: 21.43%
2023-12-08 20:33:04,679 - INFO: epoch 799 checkpoint!
2023-12-08 20:33:07,950 - INFO: l2r: acc of top [1, 10] = [0.952  0.9955], mr = 1.240, mrr = 0.970, time = 3.2705 s 
2023-12-08 20:33:07,951 - INFO: r2l: acc of top [1, 10] = [0.9492 0.9951], mr = 1.310, mrr = 0.968, time = 3.2718 s 
2023-12-08 20:40:41,190 - INFO: new_links_elect: 81
2023-12-08 20:40:41,190 - INFO: train_ill length: 18273
2023-12-08 20:40:41,217 - INFO: true_links: 17
2023-12-08 20:40:41,217 - INFO: true link ratio: 20.99%
2023-12-08 20:40:41,237 - INFO: epoch 849 checkpoint!
2023-12-08 20:40:44,497 - INFO: l2r: acc of top [1, 10] = [0.9515 0.9953], mr = 1.250, mrr = 0.970, time = 3.2591 s 
2023-12-08 20:40:44,498 - INFO: r2l: acc of top [1, 10] = [0.9492 0.9953], mr = 1.327, mrr = 0.968, time = 3.2604 s 
2023-12-08 20:48:19,041 - INFO: new_links_elect: 81
2023-12-08 20:48:19,042 - INFO: train_ill length: 18354
2023-12-08 20:48:19,070 - INFO: true_links: 13
2023-12-08 20:48:19,070 - INFO: true link ratio: 16.05%
2023-12-08 20:48:19,119 - INFO: epoch 899 checkpoint!
2023-12-08 20:48:22,428 - INFO: l2r: acc of top [1, 10] = [0.9506 0.9953], mr = 1.268, mrr = 0.969, time = 3.3092 s 
2023-12-08 20:48:22,430 - INFO: r2l: acc of top [1, 10] = [0.9484 0.995 ], mr = 1.341, mrr = 0.968, time = 3.3109 s 
2023-12-08 20:55:53,718 - INFO: new_links_elect: 59
2023-12-08 20:55:53,718 - INFO: train_ill length: 18413
2023-12-08 20:55:53,739 - INFO: true_links: 8
2023-12-08 20:55:53,739 - INFO: true link ratio: 13.56%
2023-12-08 20:55:53,758 - INFO: epoch 949 checkpoint!
2023-12-08 20:55:56,870 - INFO: l2r: acc of top [1, 10] = [0.9497 0.995 ], mr = 1.296, mrr = 0.968, time = 3.1120 s 
2023-12-08 20:55:56,872 - INFO: r2l: acc of top [1, 10] = [0.9472 0.9946], mr = 1.386, mrr = 0.967, time = 3.1136 s 
2023-12-08 21:03:26,447 - INFO: new_links_elect: 55
2023-12-08 21:03:26,448 - INFO: train_ill length: 18468
2023-12-08 21:03:26,465 - INFO: true_links: 10
2023-12-08 21:03:26,465 - INFO: true link ratio: 18.18%
2023-12-08 21:03:26,484 - INFO: epoch 999 checkpoint!
2023-12-08 21:03:30,276 - INFO: l2r: acc of top [1, 10] = [0.9491 0.9947], mr = 1.322, mrr = 0.968, time = 3.7919 s 
2023-12-08 21:03:30,277 - INFO: r2l: acc of top [1, 10] = [0.9466 0.9944], mr = 1.409, mrr = 0.966, time = 3.7931 s 
