2023-12-12 16:21:07,361 - INFO: epoch 49 checkpoint!
2023-12-12 16:21:10,633 - INFO: l2r: acc of top [1, 10] = [0.9552 0.9931], mr = 1.408, mrr = 0.970, time = 3.2714 s 
2023-12-12 16:21:10,634 - INFO: r2l: acc of top [1, 10] = [0.9503 0.9917], mr = 1.380, mrr = 0.966, time = 3.2728 s 
2023-12-12 16:24:28,772 - INFO: epoch 99 checkpoint!
2023-12-12 16:24:32,064 - INFO: l2r: acc of top [1, 10] = [0.9612 0.9948], mr = 1.334, mrr = 0.974, time = 3.2914 s 
2023-12-12 16:24:32,065 - INFO: r2l: acc of top [1, 10] = [0.9571 0.9933], mr = 1.336, mrr = 0.971, time = 3.2929 s 
2023-12-12 16:27:51,040 - INFO: epoch 149 checkpoint!
2023-12-12 16:27:54,496 - INFO: l2r: acc of top [1, 10] = [0.9622 0.9942], mr = 1.368, mrr = 0.975, time = 3.4548 s 
2023-12-12 16:27:54,497 - INFO: r2l: acc of top [1, 10] = [0.9594 0.9938], mr = 1.346, mrr = 0.973, time = 3.4562 s 
2023-12-12 16:31:12,970 - INFO: epoch 199 checkpoint!
2023-12-12 16:31:16,218 - INFO: l2r: acc of top [1, 10] = [0.9632 0.9937], mr = 1.396, mrr = 0.975, time = 3.2480 s 
2023-12-12 16:31:16,219 - INFO: r2l: acc of top [1, 10] = [0.9595 0.9937], mr = 1.360, mrr = 0.973, time = 3.2492 s 
2023-12-12 16:34:34,433 - INFO: epoch 249 checkpoint!
2023-12-12 16:34:37,678 - INFO: l2r: acc of top [1, 10] = [0.9627 0.9938], mr = 1.415, mrr = 0.975, time = 3.2450 s 
2023-12-12 16:34:37,680 - INFO: r2l: acc of top [1, 10] = [0.9607 0.9938], mr = 1.365, mrr = 0.973, time = 3.2465 s 
2023-12-12 16:37:56,439 - INFO: epoch 299 checkpoint!
2023-12-12 16:37:59,807 - INFO: l2r: acc of top [1, 10] = [0.9627 0.9934], mr = 1.420, mrr = 0.975, time = 3.3667 s 
2023-12-12 16:37:59,808 - INFO: r2l: acc of top [1, 10] = [0.9607 0.9931], mr = 1.361, mrr = 0.973, time = 3.3684 s 
2023-12-12 16:41:31,583 - INFO: new_links_elect: 10046
2023-12-12 16:41:31,589 - INFO: train_ill length: 16932
2023-12-12 16:41:34,275 - INFO: true_links: 5379
2023-12-12 16:41:34,275 - INFO: true link ratio: 53.54%
2023-12-12 16:41:35,132 - INFO: epoch 349 checkpoint!
2023-12-12 16:41:38,487 - INFO: l2r: acc of top [1, 10] = [0.9644 0.9939], mr = 1.394, mrr = 0.976, time = 3.3543 s 
2023-12-12 16:41:38,488 - INFO: r2l: acc of top [1, 10] = [0.9603 0.9935], mr = 1.351, mrr = 0.973, time = 3.3554 s 
2023-12-12 16:49:26,349 - INFO: new_links_elect: 1322
2023-12-12 16:49:26,350 - INFO: train_ill length: 18254
2023-12-12 16:49:26,698 - INFO: true_links: 641
2023-12-12 16:49:26,698 - INFO: true link ratio: 48.49%
2023-12-12 16:49:26,777 - INFO: epoch 399 checkpoint!
2023-12-12 16:49:30,053 - INFO: l2r: acc of top [1, 10] = [0.9781 0.9991], mr = 1.072, mrr = 0.987, time = 3.2753 s 
2023-12-12 16:49:30,054 - INFO: r2l: acc of top [1, 10] = [0.976  0.9992], mr = 1.075, mrr = 0.986, time = 3.2764 s 
2023-12-12 16:57:45,200 - INFO: new_links_elect: 447
2023-12-12 16:57:45,200 - INFO: train_ill length: 18701
2023-12-12 16:57:45,325 - INFO: true_links: 176
2023-12-12 16:57:45,325 - INFO: true link ratio: 39.37%
2023-12-12 16:57:45,377 - INFO: epoch 449 checkpoint!
2023-12-12 16:57:48,641 - INFO: l2r: acc of top [1, 10] = [0.9813 0.9995], mr = 1.058, mrr = 0.989, time = 3.2639 s 
2023-12-12 16:57:48,642 - INFO: r2l: acc of top [1, 10] = [0.9811 0.9993], mr = 1.056, mrr = 0.988, time = 3.2651 s 
2023-12-12 17:06:16,915 - INFO: new_links_elect: 194
2023-12-12 17:06:16,916 - INFO: train_ill length: 18895
2023-12-12 17:06:16,975 - INFO: true_links: 60
2023-12-12 17:06:16,976 - INFO: true link ratio: 30.93%
2023-12-12 17:06:17,022 - INFO: epoch 499 checkpoint!
2023-12-12 17:06:20,297 - INFO: l2r: acc of top [1, 10] = [0.9835 0.9994], mr = 1.049, mrr = 0.990, time = 3.2741 s 
2023-12-12 17:06:20,298 - INFO: r2l: acc of top [1, 10] = [0.9831 0.9992], mr = 1.049, mrr = 0.990, time = 3.2757 s 
2023-12-12 17:14:49,300 - INFO: new_links_elect: 130
2023-12-12 17:14:49,300 - INFO: train_ill length: 19025
2023-12-12 17:14:49,340 - INFO: true_links: 32
2023-12-12 17:14:49,340 - INFO: true link ratio: 24.62%
2023-12-12 17:14:49,386 - INFO: epoch 549 checkpoint!
2023-12-12 17:14:52,665 - INFO: l2r: acc of top [1, 10] = [0.9841 0.9994], mr = 1.050, mrr = 0.990, time = 3.2785 s 
2023-12-12 17:14:52,666 - INFO: r2l: acc of top [1, 10] = [0.9848 0.999 ], mr = 1.047, mrr = 0.991, time = 3.2798 s 
2023-12-12 17:23:35,759 - INFO: new_links_elect: 90
2023-12-12 17:23:35,760 - INFO: train_ill length: 19115
2023-12-12 17:23:35,791 - INFO: true_links: 13
2023-12-12 17:23:35,791 - INFO: true link ratio: 14.44%
2023-12-12 17:23:35,837 - INFO: epoch 599 checkpoint!
2023-12-12 17:23:39,078 - INFO: l2r: acc of top [1, 10] = [0.9851 0.9993], mr = 1.048, mrr = 0.991, time = 3.2408 s 
2023-12-12 17:23:39,079 - INFO: r2l: acc of top [1, 10] = [0.9852 0.9993], mr = 1.045, mrr = 0.991, time = 3.2419 s 
2023-12-12 17:32:23,673 - INFO: new_links_elect: 58
2023-12-12 17:32:23,674 - INFO: train_ill length: 19173
2023-12-12 17:32:23,695 - INFO: true_links: 8
2023-12-12 17:32:23,695 - INFO: true link ratio: 13.79%
2023-12-12 17:32:23,723 - INFO: epoch 649 checkpoint!
2023-12-12 17:32:27,425 - INFO: l2r: acc of top [1, 10] = [0.9849 0.9992], mr = 1.050, mrr = 0.991, time = 3.7010 s 
2023-12-12 17:32:27,427 - INFO: r2l: acc of top [1, 10] = [0.9853 0.9992], mr = 1.066, mrr = 0.991, time = 3.7038 s 
2023-12-12 17:41:18,580 - INFO: new_links_elect: 55
2023-12-12 17:41:18,581 - INFO: train_ill length: 19228
2023-12-12 17:41:18,601 - INFO: true_links: 7
2023-12-12 17:41:18,602 - INFO: true link ratio: 12.73%
2023-12-12 17:41:18,629 - INFO: epoch 699 checkpoint!
2023-12-12 17:41:22,369 - INFO: l2r: acc of top [1, 10] = [0.9852 0.9993], mr = 1.070, mrr = 0.991, time = 3.7394 s 
2023-12-12 17:41:22,371 - INFO: r2l: acc of top [1, 10] = [0.9851 0.9995], mr = 1.064, mrr = 0.991, time = 3.7413 s 
2023-12-12 17:50:10,449 - INFO: new_links_elect: 40
2023-12-12 17:50:10,449 - INFO: train_ill length: 19268
2023-12-12 17:50:10,463 - INFO: true_links: 5
2023-12-12 17:50:10,463 - INFO: true link ratio: 12.50%
2023-12-12 17:50:10,490 - INFO: epoch 749 checkpoint!
2023-12-12 17:50:14,234 - INFO: l2r: acc of top [1, 10] = [0.9849 0.9991], mr = 1.083, mrr = 0.991, time = 3.7435 s 
2023-12-12 17:50:14,235 - INFO: r2l: acc of top [1, 10] = [0.9851 0.9993], mr = 1.082, mrr = 0.991, time = 3.7456 s 
2023-12-12 17:59:01,218 - INFO: new_links_elect: 29
2023-12-12 17:59:01,219 - INFO: train_ill length: 19297
2023-12-12 17:59:01,230 - INFO: true_links: 4
2023-12-12 17:59:01,230 - INFO: true link ratio: 13.79%
2023-12-12 17:59:01,257 - INFO: epoch 799 checkpoint!
2023-12-12 17:59:04,839 - INFO: l2r: acc of top [1, 10] = [0.9846 0.9992], mr = 1.081, mrr = 0.991, time = 3.5822 s 
2023-12-12 17:59:04,841 - INFO: r2l: acc of top [1, 10] = [0.9846 0.9992], mr = 1.083, mrr = 0.991, time = 3.5839 s 
2023-12-12 18:07:53,084 - INFO: new_links_elect: 29
2023-12-12 18:07:53,085 - INFO: train_ill length: 19326
2023-12-12 18:07:53,095 - INFO: true_links: 1
2023-12-12 18:07:53,095 - INFO: true link ratio: 3.45%
2023-12-12 18:07:53,123 - INFO: epoch 849 checkpoint!
2023-12-12 18:07:56,707 - INFO: l2r: acc of top [1, 10] = [0.9848 0.9992], mr = 1.086, mrr = 0.991, time = 3.5837 s 
2023-12-12 18:07:56,709 - INFO: r2l: acc of top [1, 10] = [0.9847 0.9992], mr = 1.098, mrr = 0.991, time = 3.5855 s 
2023-12-12 18:16:44,975 - INFO: new_links_elect: 38
2023-12-12 18:16:44,976 - INFO: train_ill length: 19364
2023-12-12 18:16:44,990 - INFO: true_links: 0
2023-12-12 18:16:44,991 - INFO: true link ratio: 0.00%
2023-12-12 18:16:45,022 - INFO: epoch 899 checkpoint!
2023-12-12 18:16:48,560 - INFO: l2r: acc of top [1, 10] = [0.9848 0.9992], mr = 1.093, mrr = 0.991, time = 3.5376 s 
2023-12-12 18:16:48,561 - INFO: r2l: acc of top [1, 10] = [0.9847 0.9992], mr = 1.107, mrr = 0.991, time = 3.5392 s 
2023-12-12 18:25:37,926 - INFO: new_links_elect: 28
2023-12-12 18:25:37,926 - INFO: train_ill length: 19392
2023-12-12 18:25:37,936 - INFO: true_links: 3
2023-12-12 18:25:37,936 - INFO: true link ratio: 10.71%
2023-12-12 18:25:37,966 - INFO: epoch 949 checkpoint!
2023-12-12 18:25:41,454 - INFO: l2r: acc of top [1, 10] = [0.9849 0.9991], mr = 1.104, mrr = 0.991, time = 3.4878 s 
2023-12-12 18:25:41,455 - INFO: r2l: acc of top [1, 10] = [0.9846 0.9992], mr = 1.108, mrr = 0.991, time = 3.4895 s 
2023-12-12 18:34:29,506 - INFO: new_links_elect: 26
2023-12-12 18:34:29,506 - INFO: train_ill length: 19418
2023-12-12 18:34:29,516 - INFO: true_links: 0
2023-12-12 18:34:29,516 - INFO: true link ratio: 0.00%
2023-12-12 18:34:29,544 - INFO: epoch 999 checkpoint!
2023-12-12 18:34:33,733 - INFO: l2r: acc of top [1, 10] = [0.9845 0.999 ], mr = 1.103, mrr = 0.991, time = 4.1890 s 
2023-12-12 18:34:33,734 - INFO: r2l: acc of top [1, 10] = [0.9847 0.999 ], mr = 1.116, mrr = 0.991, time = 4.1901 s 
