2023-12-08 21:53:14,059 - INFO: epoch 49 checkpoint!
2023-12-08 21:53:17,488 - INFO: l2r: acc of top [1, 10] = [0.9584 0.993 ], mr = 1.400, mrr = 0.972, time = 3.4283 s 
2023-12-08 21:53:17,490 - INFO: r2l: acc of top [1, 10] = [0.9531 0.9921], mr = 1.393, mrr = 0.968, time = 3.4302 s 
2023-12-08 21:56:36,561 - INFO: epoch 99 checkpoint!
2023-12-08 21:56:40,020 - INFO: l2r: acc of top [1, 10] = [0.9646 0.9937], mr = 1.369, mrr = 0.976, time = 3.4576 s 
2023-12-08 21:56:40,021 - INFO: r2l: acc of top [1, 10] = [0.961  0.9935], mr = 1.372, mrr = 0.974, time = 3.4592 s 
2023-12-08 21:59:59,780 - INFO: epoch 149 checkpoint!
2023-12-08 22:00:03,187 - INFO: l2r: acc of top [1, 10] = [0.965  0.9938], mr = 1.404, mrr = 0.976, time = 3.4061 s 
2023-12-08 22:00:03,189 - INFO: r2l: acc of top [1, 10] = [0.9617 0.9936], mr = 1.423, mrr = 0.974, time = 3.4080 s 
2023-12-08 22:03:22,472 - INFO: epoch 199 checkpoint!
2023-12-08 22:03:25,894 - INFO: l2r: acc of top [1, 10] = [0.9652 0.9938], mr = 1.431, mrr = 0.976, time = 3.4216 s 
2023-12-08 22:03:25,895 - INFO: r2l: acc of top [1, 10] = [0.9617 0.9931], mr = 1.486, mrr = 0.974, time = 3.4231 s 
2023-12-08 22:06:45,171 - INFO: epoch 249 checkpoint!
2023-12-08 22:06:48,610 - INFO: l2r: acc of top [1, 10] = [0.9654 0.9934], mr = 1.472, mrr = 0.976, time = 3.4387 s 
2023-12-08 22:06:48,612 - INFO: r2l: acc of top [1, 10] = [0.9626 0.9924], mr = 1.552, mrr = 0.975, time = 3.4403 s 
2023-12-08 22:10:08,320 - INFO: epoch 299 checkpoint!
2023-12-08 22:10:11,725 - INFO: l2r: acc of top [1, 10] = [0.9652 0.9931], mr = 1.505, mrr = 0.976, time = 3.4042 s 
2023-12-08 22:10:11,726 - INFO: r2l: acc of top [1, 10] = [0.9615 0.9922], mr = 1.605, mrr = 0.974, time = 3.4060 s 
2023-12-08 22:31:41,473 - INFO: new_links_elect: 9162
2023-12-08 22:31:41,475 - INFO: train_ill length: 16162
2023-12-08 22:31:43,895 - INFO: true_links: 4798
2023-12-08 22:31:43,895 - INFO: true link ratio: 52.37%
2023-12-08 22:31:44,741 - INFO: epoch 349 checkpoint!
2023-12-08 22:31:48,114 - INFO: l2r: acc of top [1, 10] = [0.9661 0.9927], mr = 1.487, mrr = 0.976, time = 3.3728 s 
2023-12-08 22:31:48,115 - INFO: r2l: acc of top [1, 10] = [0.9611 0.9927], mr = 1.644, mrr = 0.974, time = 3.3740 s 
2023-12-08 22:44:20,183 - INFO: new_links_elect: 1542
2023-12-08 22:44:20,184 - INFO: train_ill length: 17704
2023-12-08 22:44:20,574 - INFO: true_links: 842
2023-12-08 22:44:20,574 - INFO: true link ratio: 54.60%
2023-12-08 22:44:20,653 - INFO: epoch 399 checkpoint!
2023-12-08 22:44:24,027 - INFO: l2r: acc of top [1, 10] = [0.9786 0.9989], mr = 1.101, mrr = 0.987, time = 3.3734 s 
2023-12-08 22:44:24,028 - INFO: r2l: acc of top [1, 10] = [0.977  0.9983], mr = 1.131, mrr = 0.986, time = 3.3752 s 
2023-12-08 22:54:22,802 - INFO: new_links_elect: 579
2023-12-08 22:54:22,803 - INFO: train_ill length: 18283
2023-12-08 22:54:22,955 - INFO: true_links: 266
2023-12-08 22:54:22,955 - INFO: true link ratio: 45.94%
2023-12-08 22:54:22,995 - INFO: epoch 449 checkpoint!
2023-12-08 22:54:26,406 - INFO: l2r: acc of top [1, 10] = [0.9816 0.9995], mr = 1.060, mrr = 0.989, time = 3.4112 s 
2023-12-08 22:54:26,408 - INFO: r2l: acc of top [1, 10] = [0.9812 0.9992], mr = 1.061, mrr = 0.988, time = 3.4130 s 
2023-12-08 23:03:31,864 - INFO: new_links_elect: 235
2023-12-08 23:03:31,865 - INFO: train_ill length: 18518
2023-12-08 23:03:31,932 - INFO: true_links: 94
2023-12-08 23:03:31,933 - INFO: true link ratio: 40.00%
2023-12-08 23:03:31,962 - INFO: epoch 499 checkpoint!
2023-12-08 23:03:35,304 - INFO: l2r: acc of top [1, 10] = [0.984  0.9997], mr = 1.050, mrr = 0.990, time = 3.3408 s 
2023-12-08 23:03:35,305 - INFO: r2l: acc of top [1, 10] = [0.9834 0.9995], mr = 1.052, mrr = 0.990, time = 3.3424 s 
2023-12-08 23:12:36,648 - INFO: new_links_elect: 143
2023-12-08 23:12:36,648 - INFO: train_ill length: 18661
2023-12-08 23:12:36,690 - INFO: true_links: 44
2023-12-08 23:12:36,691 - INFO: true link ratio: 30.77%
2023-12-08 23:12:36,721 - INFO: epoch 549 checkpoint!
2023-12-08 23:12:40,134 - INFO: l2r: acc of top [1, 10] = [0.9851 0.9998], mr = 1.044, mrr = 0.991, time = 3.4124 s 
2023-12-08 23:12:40,135 - INFO: r2l: acc of top [1, 10] = [0.9851 0.9995], mr = 1.045, mrr = 0.991, time = 3.4138 s 
2023-12-08 23:21:34,401 - INFO: new_links_elect: 107
2023-12-08 23:21:34,401 - INFO: train_ill length: 18768
2023-12-08 23:21:34,432 - INFO: true_links: 39
2023-12-08 23:21:34,432 - INFO: true link ratio: 36.45%
2023-12-08 23:21:34,462 - INFO: epoch 599 checkpoint!
2023-12-08 23:21:37,857 - INFO: l2r: acc of top [1, 10] = [0.986  0.9998], mr = 1.041, mrr = 0.992, time = 3.3948 s 
2023-12-08 23:21:37,859 - INFO: r2l: acc of top [1, 10] = [0.9853 0.9995], mr = 1.043, mrr = 0.991, time = 3.3967 s 
2023-12-08 23:30:22,481 - INFO: new_links_elect: 57
2023-12-08 23:30:22,482 - INFO: train_ill length: 18825
2023-12-08 23:30:22,499 - INFO: true_links: 15
2023-12-08 23:30:22,499 - INFO: true link ratio: 26.32%
2023-12-08 23:30:22,529 - INFO: epoch 649 checkpoint!
2023-12-08 23:30:25,896 - INFO: l2r: acc of top [1, 10] = [0.9862 0.9998], mr = 1.039, mrr = 0.992, time = 3.3665 s 
2023-12-08 23:30:25,897 - INFO: r2l: acc of top [1, 10] = [0.9862 0.9997], mr = 1.041, mrr = 0.991, time = 3.3680 s 
2023-12-08 23:39:10,669 - INFO: new_links_elect: 51
2023-12-08 23:39:10,669 - INFO: train_ill length: 18876
2023-12-08 23:39:10,685 - INFO: true_links: 19
2023-12-08 23:39:10,685 - INFO: true link ratio: 37.25%
2023-12-08 23:39:10,715 - INFO: epoch 699 checkpoint!
2023-12-08 23:39:14,103 - INFO: l2r: acc of top [1, 10] = [0.986  0.9998], mr = 1.038, mrr = 0.992, time = 3.3874 s 
2023-12-08 23:39:14,104 - INFO: r2l: acc of top [1, 10] = [0.9859 0.9995], mr = 1.041, mrr = 0.991, time = 3.3890 s 
2023-12-08 23:47:56,228 - INFO: new_links_elect: 44
2023-12-08 23:47:56,228 - INFO: train_ill length: 18920
2023-12-08 23:47:56,243 - INFO: true_links: 4
2023-12-08 23:47:56,243 - INFO: true link ratio: 9.09%
2023-12-08 23:47:56,274 - INFO: epoch 749 checkpoint!
2023-12-08 23:47:59,643 - INFO: l2r: acc of top [1, 10] = [0.9863 0.9997], mr = 1.039, mrr = 0.992, time = 3.3684 s 
2023-12-08 23:47:59,645 - INFO: r2l: acc of top [1, 10] = [0.9864 0.9994], mr = 1.041, mrr = 0.991, time = 3.3700 s 
2023-12-08 23:56:40,250 - INFO: new_links_elect: 35
2023-12-08 23:56:40,251 - INFO: train_ill length: 18955
2023-12-08 23:56:40,263 - INFO: true_links: 5
2023-12-08 23:56:40,264 - INFO: true link ratio: 14.29%
2023-12-08 23:56:40,293 - INFO: epoch 799 checkpoint!
2023-12-08 23:56:43,714 - INFO: l2r: acc of top [1, 10] = [0.986  0.9998], mr = 1.040, mrr = 0.991, time = 3.4210 s 
2023-12-08 23:56:43,715 - INFO: r2l: acc of top [1, 10] = [0.9866 0.9995], mr = 1.041, mrr = 0.992, time = 3.4224 s 
2023-12-09 00:05:36,946 - INFO: new_links_elect: 38
2023-12-09 00:05:36,947 - INFO: train_ill length: 18993
2023-12-09 00:05:36,960 - INFO: true_links: 7
2023-12-09 00:05:36,960 - INFO: true link ratio: 18.42%
2023-12-09 00:05:36,988 - INFO: epoch 849 checkpoint!
2023-12-09 00:05:40,365 - INFO: l2r: acc of top [1, 10] = [0.986  0.9997], mr = 1.063, mrr = 0.991, time = 3.3767 s 
2023-12-09 00:05:40,366 - INFO: r2l: acc of top [1, 10] = [0.9866 0.9994], mr = 1.042, mrr = 0.992, time = 3.3780 s 
2023-12-09 00:14:32,051 - INFO: new_links_elect: 22
2023-12-09 00:14:32,052 - INFO: train_ill length: 19015
2023-12-09 00:14:32,060 - INFO: true_links: 4
2023-12-09 00:14:32,060 - INFO: true link ratio: 18.18%
2023-12-09 00:14:32,088 - INFO: epoch 899 checkpoint!
2023-12-09 00:14:35,453 - INFO: l2r: acc of top [1, 10] = [0.9862 0.9997], mr = 1.073, mrr = 0.991, time = 3.3653 s 
2023-12-09 00:14:35,455 - INFO: r2l: acc of top [1, 10] = [0.9867 0.9993], mr = 1.042, mrr = 0.992, time = 3.3667 s 
2023-12-09 00:23:27,865 - INFO: new_links_elect: 28
2023-12-09 00:23:27,865 - INFO: train_ill length: 19043
2023-12-09 00:23:27,875 - INFO: true_links: 4
2023-12-09 00:23:27,875 - INFO: true link ratio: 14.29%
2023-12-09 00:23:27,901 - INFO: epoch 949 checkpoint!
2023-12-09 00:23:31,304 - INFO: l2r: acc of top [1, 10] = [0.9863 0.9997], mr = 1.073, mrr = 0.992, time = 3.4021 s 
2023-12-09 00:23:31,305 - INFO: r2l: acc of top [1, 10] = [0.9864 0.9993], mr = 1.044, mrr = 0.992, time = 3.4036 s 
2023-12-09 00:32:26,410 - INFO: new_links_elect: 38
2023-12-09 00:32:26,410 - INFO: train_ill length: 19081
2023-12-09 00:32:26,423 - INFO: true_links: 6
2023-12-09 00:32:26,423 - INFO: true link ratio: 15.79%
2023-12-09 00:32:26,452 - INFO: epoch 999 checkpoint!
2023-12-09 00:32:30,503 - INFO: l2r: acc of top [1, 10] = [0.9863 0.9997], mr = 1.077, mrr = 0.991, time = 4.0499 s 
2023-12-09 00:32:30,504 - INFO: r2l: acc of top [1, 10] = [0.9861 0.9992], mr = 1.046, mrr = 0.991, time = 4.0510 s 
