2023-12-08 21:56:23,244 - INFO: epoch 49 checkpoint!
2023-12-08 21:56:26,577 - INFO: l2r: acc of top [1, 10] = [0.9475 0.9874], mr = 1.833, mrr = 0.962, time = 3.3323 s 
2023-12-08 21:56:26,579 - INFO: r2l: acc of top [1, 10] = [0.9436 0.9869], mr = 1.690, mrr = 0.960, time = 3.3341 s 
2023-12-08 21:59:46,147 - INFO: epoch 99 checkpoint!
2023-12-08 21:59:49,577 - INFO: l2r: acc of top [1, 10] = [0.9534 0.9892], mr = 1.649, mrr = 0.967, time = 3.4289 s 
2023-12-08 21:59:49,578 - INFO: r2l: acc of top [1, 10] = [0.9496 0.9895], mr = 1.546, mrr = 0.964, time = 3.4303 s 
2023-12-08 22:03:08,782 - INFO: epoch 149 checkpoint!
2023-12-08 22:03:12,076 - INFO: l2r: acc of top [1, 10] = [0.9536 0.9896], mr = 1.654, mrr = 0.967, time = 3.2932 s 
2023-12-08 22:03:12,077 - INFO: r2l: acc of top [1, 10] = [0.9519 0.9898], mr = 1.540, mrr = 0.966, time = 3.2947 s 
2023-12-08 22:06:31,789 - INFO: epoch 199 checkpoint!
2023-12-08 22:06:35,136 - INFO: l2r: acc of top [1, 10] = [0.9554 0.9896], mr = 1.695, mrr = 0.968, time = 3.3471 s 
2023-12-08 22:06:35,137 - INFO: r2l: acc of top [1, 10] = [0.954  0.9899], mr = 1.581, mrr = 0.967, time = 3.3484 s 
2023-12-08 22:09:54,358 - INFO: epoch 249 checkpoint!
2023-12-08 22:09:57,619 - INFO: l2r: acc of top [1, 10] = [0.9549 0.989 ], mr = 1.763, mrr = 0.968, time = 3.2598 s 
2023-12-08 22:09:57,620 - INFO: r2l: acc of top [1, 10] = [0.952  0.9893], mr = 1.645, mrr = 0.966, time = 3.2611 s 
2023-12-08 22:13:16,686 - INFO: epoch 299 checkpoint!
2023-12-08 22:13:19,973 - INFO: l2r: acc of top [1, 10] = [0.9555 0.9891], mr = 1.812, mrr = 0.968, time = 3.2865 s 
2023-12-08 22:13:19,974 - INFO: r2l: acc of top [1, 10] = [0.952  0.9899], mr = 1.701, mrr = 0.966, time = 3.2879 s 
2023-12-08 22:37:52,177 - INFO: new_links_elect: 9202
2023-12-08 22:37:52,183 - INFO: train_ill length: 16202
2023-12-08 22:37:54,550 - INFO: true_links: 4892
2023-12-08 22:37:54,550 - INFO: true link ratio: 53.16%
2023-12-08 22:37:55,359 - INFO: epoch 349 checkpoint!
2023-12-08 22:37:58,671 - INFO: l2r: acc of top [1, 10] = [0.956  0.9894], mr = 1.922, mrr = 0.968, time = 3.3113 s 
2023-12-08 22:37:58,671 - INFO: r2l: acc of top [1, 10] = [0.9534 0.9896], mr = 1.807, mrr = 0.967, time = 3.3119 s 
2023-12-08 22:50:25,080 - INFO: new_links_elect: 1536
2023-12-08 22:50:25,081 - INFO: train_ill length: 17738
2023-12-08 22:50:25,483 - INFO: true_links: 761
2023-12-08 22:50:25,484 - INFO: true link ratio: 49.54%
2023-12-08 22:50:25,569 - INFO: epoch 399 checkpoint!
2023-12-08 22:50:28,846 - INFO: l2r: acc of top [1, 10] = [0.9763 0.9984], mr = 1.109, mrr = 0.985, time = 3.2761 s 
2023-12-08 22:50:28,847 - INFO: r2l: acc of top [1, 10] = [0.9736 0.9986], mr = 1.117, mrr = 0.984, time = 3.2774 s 
2023-12-08 23:00:30,819 - INFO: new_links_elect: 580
2023-12-08 23:00:30,819 - INFO: train_ill length: 18318
2023-12-08 23:00:30,979 - INFO: true_links: 248
2023-12-08 23:00:30,979 - INFO: true link ratio: 42.76%
2023-12-08 23:00:31,026 - INFO: epoch 449 checkpoint!
2023-12-08 23:00:34,319 - INFO: l2r: acc of top [1, 10] = [0.9795 0.999 ], mr = 1.100, mrr = 0.987, time = 3.2930 s 
2023-12-08 23:00:34,320 - INFO: r2l: acc of top [1, 10] = [0.9773 0.9988], mr = 1.108, mrr = 0.986, time = 3.2944 s 
2023-12-08 23:09:47,806 - INFO: new_links_elect: 233
2023-12-08 23:09:47,807 - INFO: train_ill length: 18551
2023-12-08 23:09:47,872 - INFO: true_links: 102
2023-12-08 23:09:47,872 - INFO: true link ratio: 43.78%
2023-12-08 23:09:47,920 - INFO: epoch 499 checkpoint!
2023-12-08 23:09:51,207 - INFO: l2r: acc of top [1, 10] = [0.9816 0.9989], mr = 1.087, mrr = 0.989, time = 3.2858 s 
2023-12-08 23:09:51,208 - INFO: r2l: acc of top [1, 10] = [0.9793 0.9987], mr = 1.091, mrr = 0.987, time = 3.2871 s 
2023-12-08 23:18:56,695 - INFO: new_links_elect: 139
2023-12-08 23:18:56,696 - INFO: train_ill length: 18690
2023-12-08 23:18:56,737 - INFO: true_links: 55
2023-12-08 23:18:56,737 - INFO: true link ratio: 39.57%
2023-12-08 23:18:56,773 - INFO: epoch 549 checkpoint!
2023-12-08 23:19:00,081 - INFO: l2r: acc of top [1, 10] = [0.9821 0.9988], mr = 1.074, mrr = 0.989, time = 3.3074 s 
2023-12-08 23:19:00,082 - INFO: r2l: acc of top [1, 10] = [0.9816 0.999 ], mr = 1.072, mrr = 0.989, time = 3.3089 s 
2023-12-08 23:27:55,073 - INFO: new_links_elect: 89
2023-12-08 23:27:55,074 - INFO: train_ill length: 18779
2023-12-08 23:27:55,100 - INFO: true_links: 32
2023-12-08 23:27:55,100 - INFO: true link ratio: 35.96%
2023-12-08 23:27:55,140 - INFO: epoch 599 checkpoint!
2023-12-08 23:27:58,437 - INFO: l2r: acc of top [1, 10] = [0.9829 0.9989], mr = 1.073, mrr = 0.990, time = 3.2962 s 
2023-12-08 23:27:58,438 - INFO: r2l: acc of top [1, 10] = [0.9826 0.9989], mr = 1.069, mrr = 0.989, time = 3.2979 s 
2023-12-08 23:36:48,054 - INFO: new_links_elect: 74
2023-12-08 23:36:48,055 - INFO: train_ill length: 18853
2023-12-08 23:36:48,079 - INFO: true_links: 16
2023-12-08 23:36:48,079 - INFO: true link ratio: 21.62%
2023-12-08 23:36:48,111 - INFO: epoch 649 checkpoint!
2023-12-08 23:36:51,418 - INFO: l2r: acc of top [1, 10] = [0.9835 0.999 ], mr = 1.072, mrr = 0.990, time = 3.3073 s 
2023-12-08 23:36:51,420 - INFO: r2l: acc of top [1, 10] = [0.9823 0.9988], mr = 1.068, mrr = 0.989, time = 3.3088 s 
2023-12-08 23:45:36,348 - INFO: new_links_elect: 49
2023-12-08 23:45:36,348 - INFO: train_ill length: 18902
2023-12-08 23:45:36,365 - INFO: true_links: 10
2023-12-08 23:45:36,365 - INFO: true link ratio: 20.41%
2023-12-08 23:45:36,409 - INFO: epoch 699 checkpoint!
2023-12-08 23:45:39,756 - INFO: l2r: acc of top [1, 10] = [0.9833 0.9991], mr = 1.074, mrr = 0.990, time = 3.3467 s 
2023-12-08 23:45:39,757 - INFO: r2l: acc of top [1, 10] = [0.9822 0.9988], mr = 1.076, mrr = 0.989, time = 3.3481 s 
2023-12-08 23:54:22,063 - INFO: new_links_elect: 43
2023-12-08 23:54:22,063 - INFO: train_ill length: 18945
2023-12-08 23:54:22,077 - INFO: true_links: 8
2023-12-08 23:54:22,077 - INFO: true link ratio: 18.60%
2023-12-08 23:54:22,113 - INFO: epoch 749 checkpoint!
2023-12-08 23:54:25,420 - INFO: l2r: acc of top [1, 10] = [0.9831 0.999 ], mr = 1.074, mrr = 0.990, time = 3.3067 s 
2023-12-08 23:54:25,422 - INFO: r2l: acc of top [1, 10] = [0.9823 0.9989], mr = 1.076, mrr = 0.989, time = 3.3083 s 
2023-12-09 00:03:18,767 - INFO: new_links_elect: 36
2023-12-09 00:03:18,767 - INFO: train_ill length: 18981
2023-12-09 00:03:18,781 - INFO: true_links: 4
2023-12-09 00:03:18,781 - INFO: true link ratio: 11.11%
2023-12-09 00:03:18,824 - INFO: epoch 799 checkpoint!
2023-12-09 00:03:22,092 - INFO: l2r: acc of top [1, 10] = [0.9834 0.9989], mr = 1.080, mrr = 0.990, time = 3.2671 s 
2023-12-09 00:03:22,093 - INFO: r2l: acc of top [1, 10] = [0.9823 0.9988], mr = 1.078, mrr = 0.989, time = 3.2687 s 
2023-12-09 00:12:13,840 - INFO: new_links_elect: 32
2023-12-09 00:12:13,840 - INFO: train_ill length: 19013
2023-12-09 00:12:13,852 - INFO: true_links: 3
2023-12-09 00:12:13,852 - INFO: true link ratio: 9.38%
2023-12-09 00:12:13,898 - INFO: epoch 849 checkpoint!
2023-12-09 00:12:17,145 - INFO: l2r: acc of top [1, 10] = [0.9828 0.9989], mr = 1.091, mrr = 0.990, time = 3.2468 s 
2023-12-09 00:12:17,147 - INFO: r2l: acc of top [1, 10] = [0.9824 0.9989], mr = 1.082, mrr = 0.989, time = 3.2484 s 
2023-12-09 00:21:09,353 - INFO: new_links_elect: 24
2023-12-09 00:21:09,353 - INFO: train_ill length: 19037
2023-12-09 00:21:09,361 - INFO: true_links: 8
2023-12-09 00:21:09,361 - INFO: true link ratio: 33.33%
2023-12-09 00:21:09,404 - INFO: epoch 899 checkpoint!
2023-12-09 00:21:12,681 - INFO: l2r: acc of top [1, 10] = [0.983  0.9987], mr = 1.164, mrr = 0.990, time = 3.2763 s 
2023-12-09 00:21:12,682 - INFO: r2l: acc of top [1, 10] = [0.9822 0.9988], mr = 1.081, mrr = 0.989, time = 3.2778 s 
2023-12-09 00:30:06,537 - INFO: new_links_elect: 28
2023-12-09 00:30:06,538 - INFO: train_ill length: 19065
2023-12-09 00:30:06,548 - INFO: true_links: 6
2023-12-09 00:30:06,548 - INFO: true link ratio: 21.43%
2023-12-09 00:30:06,593 - INFO: epoch 949 checkpoint!
2023-12-09 00:30:09,897 - INFO: l2r: acc of top [1, 10] = [0.9828 0.9986], mr = 1.183, mrr = 0.990, time = 3.3041 s 
2023-12-09 00:30:09,899 - INFO: r2l: acc of top [1, 10] = [0.9825 0.999 ], mr = 1.081, mrr = 0.989, time = 3.3058 s 
2023-12-09 00:39:05,504 - INFO: new_links_elect: 43
2023-12-09 00:39:05,504 - INFO: train_ill length: 19108
2023-12-09 00:39:05,519 - INFO: true_links: 7
2023-12-09 00:39:05,519 - INFO: true link ratio: 16.28%
2023-12-09 00:39:05,564 - INFO: epoch 999 checkpoint!
2023-12-09 00:39:09,478 - INFO: l2r: acc of top [1, 10] = [0.9828 0.9986], mr = 1.214, mrr = 0.990, time = 3.9134 s 
2023-12-09 00:39:09,478 - INFO: r2l: acc of top [1, 10] = [0.9825 0.9989], mr = 1.091, mrr = 0.990, time = 3.9146 s 
