2023-11-28 18:56:12,736 - INFO: epoch 49 checkpoint!
2023-11-28 18:56:15,928 - INFO: l2r: acc of top [1, 10] = [0.9707 0.9978], mr = 1.100, mrr = 0.981, time = 3.1906 s 
2023-11-28 18:56:15,929 - INFO: r2l: acc of top [1, 10] = [0.9711 0.9981], mr = 1.092, mrr = 0.982, time = 3.1922 s 
2023-11-28 18:59:22,459 - INFO: epoch 99 checkpoint!
2023-11-28 18:59:25,672 - INFO: l2r: acc of top [1, 10] = [0.9746 0.998 ], mr = 1.094, mrr = 0.984, time = 3.2125 s 
2023-11-28 18:59:25,674 - INFO: r2l: acc of top [1, 10] = [0.9737 0.9989], mr = 1.080, mrr = 0.984, time = 3.2144 s 
2023-11-28 19:02:31,334 - INFO: epoch 149 checkpoint!
2023-11-28 19:02:34,523 - INFO: l2r: acc of top [1, 10] = [0.9735 0.9981], mr = 1.107, mrr = 0.983, time = 3.1885 s 
2023-11-28 19:02:34,525 - INFO: r2l: acc of top [1, 10] = [0.9749 0.9985], mr = 1.083, mrr = 0.984, time = 3.1901 s 
2023-11-28 19:05:40,007 - INFO: epoch 199 checkpoint!
2023-11-28 19:05:43,265 - INFO: l2r: acc of top [1, 10] = [0.9735 0.998 ], mr = 1.124, mrr = 0.983, time = 3.2567 s 
2023-11-28 19:05:43,268 - INFO: r2l: acc of top [1, 10] = [0.9761 0.9984], mr = 1.096, mrr = 0.985, time = 3.2598 s 
2023-11-28 19:08:48,488 - INFO: epoch 249 checkpoint!
2023-11-28 19:08:51,681 - INFO: l2r: acc of top [1, 10] = [0.9743 0.9978], mr = 1.144, mrr = 0.984, time = 3.1928 s 
2023-11-28 19:08:51,683 - INFO: r2l: acc of top [1, 10] = [0.9765 0.9985], mr = 1.111, mrr = 0.985, time = 3.1946 s 
2023-11-28 19:11:57,411 - INFO: epoch 299 checkpoint!
2023-11-28 19:12:00,627 - INFO: l2r: acc of top [1, 10] = [0.9733 0.9976], mr = 1.166, mrr = 0.983, time = 3.2152 s 
2023-11-28 19:12:00,629 - INFO: r2l: acc of top [1, 10] = [0.9759 0.9984], mr = 1.136, mrr = 0.985, time = 3.2174 s 
2023-11-28 19:15:06,026 - INFO: epoch 349 checkpoint!
2023-11-28 19:15:09,231 - INFO: l2r: acc of top [1, 10] = [0.973  0.9975], mr = 1.184, mrr = 0.983, time = 3.2042 s 
2023-11-28 19:15:09,233 - INFO: r2l: acc of top [1, 10] = [0.9757 0.9981], mr = 1.154, mrr = 0.985, time = 3.2061 s 
2023-11-28 19:18:15,974 - INFO: epoch 399 checkpoint!
2023-11-28 19:18:19,501 - INFO: l2r: acc of top [1, 10] = [0.973  0.9972], mr = 1.201, mrr = 0.983, time = 3.5262 s 
2023-11-28 19:18:19,503 - INFO: r2l: acc of top [1, 10] = [0.9759 0.9978], mr = 1.181, mrr = 0.985, time = 3.5284 s 
2023-11-28 19:21:25,002 - INFO: epoch 449 checkpoint!
2023-11-28 19:21:28,212 - INFO: l2r: acc of top [1, 10] = [0.9729 0.9969], mr = 1.212, mrr = 0.983, time = 3.2096 s 
2023-11-28 19:21:28,214 - INFO: r2l: acc of top [1, 10] = [0.9756 0.9972], mr = 1.190, mrr = 0.984, time = 3.2113 s 
2023-11-28 19:24:33,372 - INFO: epoch 499 checkpoint!
2023-11-28 19:24:36,567 - INFO: l2r: acc of top [1, 10] = [0.9728 0.9969], mr = 1.224, mrr = 0.983, time = 3.1943 s 
2023-11-28 19:24:36,569 - INFO: r2l: acc of top [1, 10] = [0.9759 0.997 ], mr = 1.215, mrr = 0.985, time = 3.1961 s 
2023-11-28 19:27:58,883 - INFO: new_links_elect: 11583
2023-11-28 19:27:58,890 - INFO: train_ill length: 17583
2023-11-28 19:28:01,906 - INFO: true_links: 6242
2023-11-28 19:28:01,906 - INFO: true link ratio: 53.9%
2023-11-28 19:28:02,835 - INFO: epoch 549 checkpoint!
2023-11-28 19:28:06,057 - INFO: l2r: acc of top [1, 10] = [0.9729 0.9974], mr = 1.194, mrr = 0.983, time = 3.2210 s 
2023-11-28 19:28:06,057 - INFO: r2l: acc of top [1, 10] = [0.976  0.9972], mr = 1.189, mrr = 0.985, time = 3.2214 s 
2023-11-28 19:36:50,110 - INFO: new_links_elect: 1131
2023-11-28 19:36:50,111 - INFO: train_ill length: 18714
2023-11-28 19:36:50,429 - INFO: true_links: 575
2023-11-28 19:36:50,429 - INFO: true link ratio: 50.8%
2023-11-28 19:36:50,494 - INFO: epoch 599 checkpoint!
2023-11-28 19:36:53,697 - INFO: l2r: acc of top [1, 10] = [0.9888 0.9997], mr = 1.018, mrr = 0.994, time = 3.2026 s 
2023-11-28 19:36:53,699 - INFO: r2l: acc of top [1, 10] = [0.9888 0.9998], mr = 1.018, mrr = 0.994, time = 3.2047 s 
2023-11-28 19:46:07,309 - INFO: new_links_elect: 329
2023-11-28 19:46:07,310 - INFO: train_ill length: 19043
2023-11-28 19:46:07,408 - INFO: true_links: 139
2023-11-28 19:46:07,408 - INFO: true link ratio: 42.2%
2023-11-28 19:46:07,423 - INFO: epoch 649 checkpoint!
2023-11-28 19:46:11,099 - INFO: l2r: acc of top [1, 10] = [0.9921 1.    ], mr = 1.011, mrr = 0.996, time = 3.6753 s 
2023-11-28 19:46:11,100 - INFO: r2l: acc of top [1, 10] = [0.9919 0.9998], mr = 1.013, mrr = 0.996, time = 3.6771 s 
2023-11-28 19:55:39,340 - INFO: new_links_elect: 142
2023-11-28 19:55:39,340 - INFO: train_ill length: 19185
2023-11-28 19:55:39,384 - INFO: true_links: 44
2023-11-28 19:55:39,384 - INFO: true link ratio: 31.0%
2023-11-28 19:55:39,398 - INFO: epoch 699 checkpoint!
2023-11-28 19:55:42,657 - INFO: l2r: acc of top [1, 10] = [0.9939 0.9999], mr = 1.010, mrr = 0.997, time = 3.2587 s 
2023-11-28 19:55:42,659 - INFO: r2l: acc of top [1, 10] = [0.9941 0.9998], mr = 1.010, mrr = 0.997, time = 3.2603 s 
2023-11-28 20:05:09,639 - INFO: new_links_elect: 94
2023-11-28 20:05:09,640 - INFO: train_ill length: 19279
2023-11-28 20:05:09,670 - INFO: true_links: 18
2023-11-28 20:05:09,670 - INFO: true link ratio: 19.1%
2023-11-28 20:05:09,683 - INFO: epoch 749 checkpoint!
2023-11-28 20:05:12,924 - INFO: l2r: acc of top [1, 10] = [0.9945 0.9998], mr = 1.009, mrr = 0.997, time = 3.2406 s 
2023-11-28 20:05:12,925 - INFO: r2l: acc of top [1, 10] = [0.9952 0.9998], mr = 1.008, mrr = 0.997, time = 3.2424 s 
2023-11-28 20:14:42,766 - INFO: new_links_elect: 55
2023-11-28 20:14:42,766 - INFO: train_ill length: 19334
2023-11-28 20:14:42,786 - INFO: true_links: 8
2023-11-28 20:14:42,786 - INFO: true link ratio: 14.5%
2023-11-28 20:14:42,798 - INFO: epoch 799 checkpoint!
2023-11-28 20:14:46,037 - INFO: l2r: acc of top [1, 10] = [0.995  0.9998], mr = 1.008, mrr = 0.997, time = 3.2385 s 
2023-11-28 20:14:46,039 - INFO: r2l: acc of top [1, 10] = [0.9956 0.9998], mr = 1.007, mrr = 0.998, time = 3.2404 s 
2023-11-28 20:24:16,719 - INFO: new_links_elect: 31
2023-11-28 20:24:16,720 - INFO: train_ill length: 19365
2023-11-28 20:24:16,733 - INFO: true_links: 4
2023-11-28 20:24:16,733 - INFO: true link ratio: 12.9%
2023-11-28 20:24:16,747 - INFO: epoch 849 checkpoint!
2023-11-28 20:24:19,997 - INFO: l2r: acc of top [1, 10] = [0.9951 0.9998], mr = 1.008, mrr = 0.997, time = 3.2492 s 
2023-11-28 20:24:19,999 - INFO: r2l: acc of top [1, 10] = [0.9959 0.9998], mr = 1.007, mrr = 0.998, time = 3.2514 s 
2023-11-28 20:33:50,251 - INFO: new_links_elect: 41
2023-11-28 20:33:50,252 - INFO: train_ill length: 19406
2023-11-28 20:33:50,266 - INFO: true_links: 2
2023-11-28 20:33:50,266 - INFO: true link ratio: 4.9%
2023-11-28 20:33:50,280 - INFO: epoch 899 checkpoint!
2023-11-28 20:33:53,500 - INFO: l2r: acc of top [1, 10] = [0.9952 0.9998], mr = 1.008, mrr = 0.997, time = 3.2190 s 
2023-11-28 20:33:53,500 - INFO: r2l: acc of top [1, 10] = [0.9959 0.9998], mr = 1.007, mrr = 0.998, time = 3.2195 s 
2023-11-28 20:43:25,758 - INFO: new_links_elect: 26
2023-11-28 20:43:25,758 - INFO: train_ill length: 19432
2023-11-28 20:43:25,767 - INFO: true_links: 1
2023-11-28 20:43:25,767 - INFO: true link ratio: 3.8%
2023-11-28 20:43:25,783 - INFO: epoch 949 checkpoint!
2023-11-28 20:43:29,034 - INFO: l2r: acc of top [1, 10] = [0.9953 0.9998], mr = 1.008, mrr = 0.997, time = 3.2514 s 
2023-11-28 20:43:29,040 - INFO: r2l: acc of top [1, 10] = [0.9959 0.9998], mr = 1.008, mrr = 0.998, time = 3.2574 s 
2023-11-28 20:52:59,840 - INFO: new_links_elect: 27
2023-11-28 20:52:59,840 - INFO: train_ill length: 19459
2023-11-28 20:52:59,852 - INFO: true_links: 0
2023-11-28 20:52:59,852 - INFO: true link ratio: 0.0%
2023-11-28 20:52:59,885 - INFO: epoch 999 checkpoint!
2023-11-28 20:53:03,461 - INFO: l2r: acc of top [1, 10] = [0.9952 0.9998], mr = 1.008, mrr = 0.997, time = 3.5751 s 
2023-11-28 20:53:03,462 - INFO: r2l: acc of top [1, 10] = [0.9959 0.9998], mr = 1.007, mrr = 0.998, time = 3.5763 s 
