2023-11-28 16:58:39,789 - INFO: epoch 49 checkpoint!
2023-11-28 16:58:43,088 - INFO: l2r: acc of top [1, 10] = [0.9524 0.9912], mr = 1.424, mrr = 0.967, time = 3.2986 s 
2023-11-28 16:58:43,090 - INFO: r2l: acc of top [1, 10] = [0.9467 0.991 ], mr = 1.455, mrr = 0.964, time = 3.3004 s 
2023-11-28 17:01:44,286 - INFO: epoch 99 checkpoint!
2023-11-28 17:01:47,611 - INFO: l2r: acc of top [1, 10] = [0.9554 0.9925], mr = 1.480, mrr = 0.970, time = 3.3238 s 
2023-11-28 17:01:47,612 - INFO: r2l: acc of top [1, 10] = [0.9518 0.9924], mr = 1.486, mrr = 0.968, time = 3.3254 s 
2023-11-28 17:04:48,709 - INFO: epoch 149 checkpoint!
2023-11-28 17:04:52,023 - INFO: l2r: acc of top [1, 10] = [0.9551 0.9928], mr = 1.520, mrr = 0.970, time = 3.3130 s 
2023-11-28 17:04:52,024 - INFO: r2l: acc of top [1, 10] = [0.953  0.9924], mr = 1.498, mrr = 0.969, time = 3.3143 s 
2023-11-28 17:07:53,025 - INFO: epoch 199 checkpoint!
2023-11-28 17:07:56,356 - INFO: l2r: acc of top [1, 10] = [0.9552 0.9923], mr = 1.558, mrr = 0.970, time = 3.3302 s 
2023-11-28 17:07:56,358 - INFO: r2l: acc of top [1, 10] = [0.953  0.9916], mr = 1.503, mrr = 0.969, time = 3.3317 s 
2023-11-28 17:10:57,778 - INFO: epoch 249 checkpoint!
2023-11-28 17:11:01,082 - INFO: l2r: acc of top [1, 10] = [0.955  0.9916], mr = 1.605, mrr = 0.970, time = 3.3033 s 
2023-11-28 17:11:01,083 - INFO: r2l: acc of top [1, 10] = [0.9529 0.9912], mr = 1.531, mrr = 0.968, time = 3.3050 s 
2023-11-28 17:14:01,921 - INFO: epoch 299 checkpoint!
2023-11-28 17:14:05,236 - INFO: l2r: acc of top [1, 10] = [0.954 0.991], mr = 1.662, mrr = 0.969, time = 3.3129 s 
2023-11-28 17:14:05,237 - INFO: r2l: acc of top [1, 10] = [0.9522 0.9911], mr = 1.560, mrr = 0.968, time = 3.3151 s 
2023-11-28 17:17:06,518 - INFO: epoch 349 checkpoint!
2023-11-28 17:17:09,810 - INFO: l2r: acc of top [1, 10] = [0.9534 0.9904], mr = 1.722, mrr = 0.968, time = 3.2906 s 
2023-11-28 17:17:09,811 - INFO: r2l: acc of top [1, 10] = [0.951  0.9902], mr = 1.600, mrr = 0.967, time = 3.2924 s 
2023-11-28 17:20:10,924 - INFO: epoch 399 checkpoint!
2023-11-28 17:20:14,230 - INFO: l2r: acc of top [1, 10] = [0.9532 0.9901], mr = 1.789, mrr = 0.968, time = 3.3051 s 
2023-11-28 17:20:14,232 - INFO: r2l: acc of top [1, 10] = [0.951  0.9905], mr = 1.655, mrr = 0.967, time = 3.3075 s 
2023-11-28 17:23:16,169 - INFO: epoch 449 checkpoint!
2023-11-28 17:23:19,413 - INFO: l2r: acc of top [1, 10] = [0.9527 0.9897], mr = 1.863, mrr = 0.968, time = 3.2433 s 
2023-11-28 17:23:19,415 - INFO: r2l: acc of top [1, 10] = [0.951 0.99 ], mr = 1.700, mrr = 0.967, time = 3.2455 s 
2023-11-28 17:26:20,464 - INFO: epoch 499 checkpoint!
2023-11-28 17:26:23,758 - INFO: l2r: acc of top [1, 10] = [0.9523 0.9894], mr = 1.943, mrr = 0.967, time = 3.2929 s 
2023-11-28 17:26:23,760 - INFO: r2l: acc of top [1, 10] = [0.9498 0.9897], mr = 1.754, mrr = 0.966, time = 3.2947 s 
2023-11-28 17:29:39,384 - INFO: new_links_elect: 10495
2023-11-28 17:29:39,393 - INFO: train_ill length: 16495
2023-11-28 17:29:42,235 - INFO: true_links: 5682
2023-11-28 17:29:42,235 - INFO: true link ratio: 54.1%
2023-11-28 17:29:43,197 - INFO: epoch 549 checkpoint!
2023-11-28 17:29:46,452 - INFO: l2r: acc of top [1, 10] = [0.951 0.989], mr = 2.001, mrr = 0.966, time = 3.2541 s 
2023-11-28 17:29:46,453 - INFO: r2l: acc of top [1, 10] = [0.9485 0.9899], mr = 1.821, mrr = 0.965, time = 3.2556 s 
2023-11-28 17:37:49,986 - INFO: new_links_elect: 1473
2023-11-28 17:37:49,988 - INFO: train_ill length: 17968
2023-11-28 17:37:50,394 - INFO: true_links: 733
2023-11-28 17:37:50,395 - INFO: true link ratio: 49.8%
2023-11-28 17:37:50,473 - INFO: epoch 599 checkpoint!
2023-11-28 17:37:53,743 - INFO: l2r: acc of top [1, 10] = [0.9721 0.9989], mr = 1.104, mrr = 0.983, time = 3.2703 s 
2023-11-28 17:37:53,745 - INFO: r2l: acc of top [1, 10] = [0.9716 0.9985], mr = 1.121, mrr = 0.983, time = 3.2717 s 
2023-11-28 17:46:41,024 - INFO: new_links_elect: 586
2023-11-28 17:46:41,025 - INFO: train_ill length: 18554
2023-11-28 17:46:41,197 - INFO: true_links: 231
2023-11-28 17:46:41,197 - INFO: true link ratio: 39.4%
2023-11-28 17:46:41,225 - INFO: epoch 649 checkpoint!
2023-11-28 17:46:44,509 - INFO: l2r: acc of top [1, 10] = [0.9767 0.9992], mr = 1.071, mrr = 0.986, time = 3.2835 s 
2023-11-28 17:46:44,512 - INFO: r2l: acc of top [1, 10] = [0.9769 0.999 ], mr = 1.079, mrr = 0.986, time = 3.2863 s 
2023-11-28 17:55:45,773 - INFO: new_links_elect: 260
2023-11-28 17:55:45,774 - INFO: train_ill length: 18814
2023-11-28 17:55:45,859 - INFO: true_links: 76
2023-11-28 17:55:45,859 - INFO: true link ratio: 29.2%
2023-11-28 17:55:45,891 - INFO: epoch 699 checkpoint!
2023-11-28 17:55:49,185 - INFO: l2r: acc of top [1, 10] = [0.9791 0.9993], mr = 1.058, mrr = 0.988, time = 3.2937 s 
2023-11-28 17:55:49,187 - INFO: r2l: acc of top [1, 10] = [0.9791 0.999 ], mr = 1.065, mrr = 0.988, time = 3.2953 s 
2023-11-28 18:04:50,988 - INFO: new_links_elect: 165
2023-11-28 18:04:50,989 - INFO: train_ill length: 18979
2023-11-28 18:04:51,043 - INFO: true_links: 37
2023-11-28 18:04:51,043 - INFO: true link ratio: 22.4%
2023-11-28 18:04:51,072 - INFO: epoch 749 checkpoint!
2023-11-28 18:04:54,400 - INFO: l2r: acc of top [1, 10] = [0.9792 0.9995], mr = 1.051, mrr = 0.988, time = 3.3277 s 
2023-11-28 18:04:54,401 - INFO: r2l: acc of top [1, 10] = [0.9793 0.9992], mr = 1.059, mrr = 0.988, time = 3.3291 s 
2023-11-28 18:14:09,872 - INFO: new_links_elect: 102
2023-11-28 18:14:09,872 - INFO: train_ill length: 19081
2023-11-28 18:14:09,908 - INFO: true_links: 21
2023-11-28 18:14:09,908 - INFO: true link ratio: 20.6%
2023-11-28 18:14:09,927 - INFO: epoch 799 checkpoint!
2023-11-28 18:14:13,231 - INFO: l2r: acc of top [1, 10] = [0.98   0.9995], mr = 1.050, mrr = 0.988, time = 3.3028 s 
2023-11-28 18:14:13,232 - INFO: r2l: acc of top [1, 10] = [0.9793 0.9991], mr = 1.060, mrr = 0.988, time = 3.3043 s 
2023-11-28 18:23:29,593 - INFO: new_links_elect: 64
2023-11-28 18:23:29,594 - INFO: train_ill length: 19145
2023-11-28 18:23:29,617 - INFO: true_links: 9
2023-11-28 18:23:29,617 - INFO: true link ratio: 14.1%
2023-11-28 18:23:29,646 - INFO: epoch 849 checkpoint!
2023-11-28 18:23:32,929 - INFO: l2r: acc of top [1, 10] = [0.9799 0.9994], mr = 1.051, mrr = 0.988, time = 3.2827 s 
2023-11-28 18:23:32,931 - INFO: r2l: acc of top [1, 10] = [0.9794 0.9991], mr = 1.065, mrr = 0.988, time = 3.2847 s 
2023-11-28 18:32:48,704 - INFO: new_links_elect: 59
2023-11-28 18:32:48,704 - INFO: train_ill length: 19204
2023-11-28 18:32:48,726 - INFO: true_links: 7
2023-11-28 18:32:48,726 - INFO: true link ratio: 11.9%
2023-11-28 18:32:48,751 - INFO: epoch 899 checkpoint!
2023-11-28 18:32:52,047 - INFO: l2r: acc of top [1, 10] = [0.9804 0.9993], mr = 1.053, mrr = 0.988, time = 3.2960 s 
2023-11-28 18:32:52,048 - INFO: r2l: acc of top [1, 10] = [0.979 0.999], mr = 1.072, mrr = 0.988, time = 3.2975 s 
2023-11-28 18:42:08,769 - INFO: new_links_elect: 45
2023-11-28 18:42:08,769 - INFO: train_ill length: 19249
2023-11-28 18:42:08,788 - INFO: true_links: 1
2023-11-28 18:42:08,788 - INFO: true link ratio: 2.2%
2023-11-28 18:42:08,819 - INFO: epoch 949 checkpoint!
2023-11-28 18:42:12,044 - INFO: l2r: acc of top [1, 10] = [0.9802 0.9992], mr = 1.057, mrr = 0.988, time = 3.2248 s 
2023-11-28 18:42:12,045 - INFO: r2l: acc of top [1, 10] = [0.979 0.999], mr = 1.079, mrr = 0.988, time = 3.2264 s 
2023-11-28 18:51:28,006 - INFO: new_links_elect: 37
2023-11-28 18:51:28,007 - INFO: train_ill length: 19286
2023-11-28 18:51:28,022 - INFO: true_links: 1
2023-11-28 18:51:28,022 - INFO: true link ratio: 2.7%
2023-11-28 18:51:28,040 - INFO: epoch 999 checkpoint!
2023-11-28 18:51:31,710 - INFO: l2r: acc of top [1, 10] = [0.9796 0.999 ], mr = 1.060, mrr = 0.988, time = 3.6687 s 
2023-11-28 18:51:31,711 - INFO: r2l: acc of top [1, 10] = [0.9788 0.9988], mr = 1.090, mrr = 0.988, time = 3.6698 s 
