2023-12-09 00:51:18,366 - INFO: epoch 49 checkpoint!
2023-12-09 00:51:21,675 - INFO: l2r: acc of top [1, 10] = [0.9176 0.9838], mr = 1.805, mrr = 0.942, time = 3.3090 s 
2023-12-09 00:51:21,677 - INFO: r2l: acc of top [1, 10] = [0.9069 0.9809], mr = 1.895, mrr = 0.935, time = 3.3104 s 
2023-12-09 00:54:17,268 - INFO: epoch 99 checkpoint!
2023-12-09 00:54:20,535 - INFO: l2r: acc of top [1, 10] = [0.926  0.9864], mr = 1.756, mrr = 0.948, time = 3.2669 s 
2023-12-09 00:54:20,536 - INFO: r2l: acc of top [1, 10] = [0.9185 0.984 ], mr = 1.759, mrr = 0.943, time = 3.2683 s 
2023-12-09 00:57:16,123 - INFO: epoch 149 checkpoint!
2023-12-09 00:57:19,403 - INFO: l2r: acc of top [1, 10] = [0.9276 0.9861], mr = 1.817, mrr = 0.949, time = 3.2790 s 
2023-12-09 00:57:19,404 - INFO: r2l: acc of top [1, 10] = [0.9208 0.9847], mr = 1.765, mrr = 0.945, time = 3.2804 s 
2023-12-09 01:00:15,469 - INFO: epoch 199 checkpoint!
2023-12-09 01:00:18,746 - INFO: l2r: acc of top [1, 10] = [0.9281 0.9854], mr = 1.909, mrr = 0.950, time = 3.2771 s 
2023-12-09 01:00:18,748 - INFO: r2l: acc of top [1, 10] = [0.9224 0.985 ], mr = 1.804, mrr = 0.946, time = 3.2788 s 
2023-12-09 01:03:14,554 - INFO: epoch 249 checkpoint!
2023-12-09 01:03:17,886 - INFO: l2r: acc of top [1, 10] = [0.9282 0.9856], mr = 2.016, mrr = 0.950, time = 3.3308 s 
2023-12-09 01:03:17,887 - INFO: r2l: acc of top [1, 10] = [0.9247 0.9853], mr = 1.847, mrr = 0.947, time = 3.3321 s 
2023-12-09 01:06:13,974 - INFO: epoch 299 checkpoint!
2023-12-09 01:06:17,268 - INFO: l2r: acc of top [1, 10] = [0.9282 0.9849], mr = 2.136, mrr = 0.950, time = 3.2932 s 
2023-12-09 01:06:17,269 - INFO: r2l: acc of top [1, 10] = [0.9244 0.9851], mr = 1.906, mrr = 0.947, time = 3.2946 s 
2023-12-09 01:27:28,541 - INFO: new_links_elect: 7893
2023-12-09 01:27:28,546 - INFO: train_ill length: 14775
2023-12-09 01:27:30,569 - INFO: true_links: 4174
2023-12-09 01:27:30,570 - INFO: true link ratio: 52.88%
2023-12-09 01:27:31,354 - INFO: epoch 349 checkpoint!
2023-12-09 01:27:34,609 - INFO: l2r: acc of top [1, 10] = [0.9284 0.9841], mr = 2.292, mrr = 0.949, time = 3.2554 s 
2023-12-09 01:27:34,611 - INFO: r2l: acc of top [1, 10] = [0.9233 0.9845], mr = 1.967, mrr = 0.946, time = 3.2572 s 
2023-12-09 01:39:17,598 - INFO: new_links_elect: 1760
2023-12-09 01:39:17,599 - INFO: train_ill length: 16535
2023-12-09 01:39:18,051 - INFO: true_links: 926
2023-12-09 01:39:18,051 - INFO: true link ratio: 52.61%
2023-12-09 01:39:18,151 - INFO: epoch 399 checkpoint!
2023-12-09 01:39:21,443 - INFO: l2r: acc of top [1, 10] = [0.9519 0.9938], mr = 1.383, mrr = 0.968, time = 3.2913 s 
2023-12-09 01:39:21,444 - INFO: r2l: acc of top [1, 10] = [0.9453 0.9934], mr = 1.348, mrr = 0.964, time = 3.2926 s 
2023-12-09 01:48:26,627 - INFO: new_links_elect: 706
2023-12-09 01:48:26,627 - INFO: train_ill length: 17241
2023-12-09 01:48:26,815 - INFO: true_links: 328
2023-12-09 01:48:26,815 - INFO: true link ratio: 46.46%
2023-12-09 01:48:26,856 - INFO: epoch 449 checkpoint!
2023-12-09 01:48:30,090 - INFO: l2r: acc of top [1, 10] = [0.9591 0.9949], mr = 1.208, mrr = 0.973, time = 3.2340 s 
2023-12-09 01:48:30,091 - INFO: r2l: acc of top [1, 10] = [0.9531 0.995 ], mr = 1.221, mrr = 0.969, time = 3.2355 s 
2023-12-09 01:56:37,550 - INFO: new_links_elect: 342
2023-12-09 01:56:37,551 - INFO: train_ill length: 17583
2023-12-09 01:56:37,643 - INFO: true_links: 156
2023-12-09 01:56:37,643 - INFO: true link ratio: 45.61%
2023-12-09 01:56:37,697 - INFO: epoch 499 checkpoint!
2023-12-09 01:56:41,003 - INFO: l2r: acc of top [1, 10] = [0.9634 0.9955], mr = 1.178, mrr = 0.975, time = 3.3059 s 
2023-12-09 01:56:41,005 - INFO: r2l: acc of top [1, 10] = [0.9585 0.9953], mr = 1.188, mrr = 0.973, time = 3.3072 s 
2023-12-09 02:04:29,159 - INFO: new_links_elect: 227
2023-12-09 02:04:29,160 - INFO: train_ill length: 17810
2023-12-09 02:04:29,226 - INFO: true_links: 81
2023-12-09 02:04:29,226 - INFO: true link ratio: 35.68%
2023-12-09 02:04:29,278 - INFO: epoch 549 checkpoint!
2023-12-09 02:04:32,592 - INFO: l2r: acc of top [1, 10] = [0.966  0.9959], mr = 1.174, mrr = 0.977, time = 3.3138 s 
2023-12-09 02:04:32,593 - INFO: r2l: acc of top [1, 10] = [0.963  0.9954], mr = 1.176, mrr = 0.975, time = 3.3153 s 
2023-12-09 02:12:10,647 - INFO: new_links_elect: 140
2023-12-09 02:12:10,647 - INFO: train_ill length: 17950
2023-12-09 02:12:10,691 - INFO: true_links: 44
2023-12-09 02:12:10,691 - INFO: true link ratio: 31.43%
2023-12-09 02:12:10,733 - INFO: epoch 599 checkpoint!
2023-12-09 02:12:14,036 - INFO: l2r: acc of top [1, 10] = [0.9673 0.9957], mr = 1.173, mrr = 0.978, time = 3.3025 s 
2023-12-09 02:12:14,037 - INFO: r2l: acc of top [1, 10] = [0.9648 0.996 ], mr = 1.176, mrr = 0.976, time = 3.3043 s 
2023-12-09 02:19:56,498 - INFO: new_links_elect: 109
2023-12-09 02:19:56,498 - INFO: train_ill length: 18059
2023-12-09 02:19:56,531 - INFO: true_links: 38
2023-12-09 02:19:56,531 - INFO: true link ratio: 34.86%
2023-12-09 02:19:56,554 - INFO: epoch 649 checkpoint!
2023-12-09 02:19:59,892 - INFO: l2r: acc of top [1, 10] = [0.9691 0.9961], mr = 1.171, mrr = 0.979, time = 3.3378 s 
2023-12-09 02:19:59,893 - INFO: r2l: acc of top [1, 10] = [0.966  0.9958], mr = 1.169, mrr = 0.978, time = 3.3392 s 
2023-12-09 02:27:37,841 - INFO: new_links_elect: 91
2023-12-09 02:27:37,842 - INFO: train_ill length: 18150
2023-12-09 02:27:37,871 - INFO: true_links: 24
2023-12-09 02:27:37,871 - INFO: true link ratio: 26.37%
2023-12-09 02:27:37,891 - INFO: epoch 699 checkpoint!
2023-12-09 02:27:41,143 - INFO: l2r: acc of top [1, 10] = [0.9692 0.9963], mr = 1.172, mrr = 0.980, time = 3.2516 s 
2023-12-09 02:27:41,144 - INFO: r2l: acc of top [1, 10] = [0.9666 0.9962], mr = 1.168, mrr = 0.978, time = 3.2531 s 
2023-12-09 02:35:17,994 - INFO: new_links_elect: 71
2023-12-09 02:35:17,994 - INFO: train_ill length: 18221
2023-12-09 02:35:18,014 - INFO: true_links: 30
2023-12-09 02:35:18,014 - INFO: true link ratio: 42.25%
2023-12-09 02:35:18,059 - INFO: epoch 749 checkpoint!
2023-12-09 02:35:21,382 - INFO: l2r: acc of top [1, 10] = [0.97   0.9964], mr = 1.169, mrr = 0.980, time = 3.3218 s 
2023-12-09 02:35:21,383 - INFO: r2l: acc of top [1, 10] = [0.9681 0.9961], mr = 1.171, mrr = 0.979, time = 3.3230 s 
2023-12-09 02:42:53,943 - INFO: new_links_elect: 59
2023-12-09 02:42:53,943 - INFO: train_ill length: 18280
2023-12-09 02:42:53,962 - INFO: true_links: 15
2023-12-09 02:42:53,962 - INFO: true link ratio: 25.42%
2023-12-09 02:42:53,997 - INFO: epoch 799 checkpoint!
2023-12-09 02:42:57,283 - INFO: l2r: acc of top [1, 10] = [0.9702 0.9964], mr = 1.168, mrr = 0.980, time = 3.2858 s 
2023-12-09 02:42:57,285 - INFO: r2l: acc of top [1, 10] = [0.9682 0.9962], mr = 1.166, mrr = 0.979, time = 3.2873 s 
2023-12-09 02:50:26,933 - INFO: new_links_elect: 50
2023-12-09 02:50:26,934 - INFO: train_ill length: 18330
2023-12-09 02:50:26,949 - INFO: true_links: 12
2023-12-09 02:50:26,949 - INFO: true link ratio: 24.00%
2023-12-09 02:50:26,970 - INFO: epoch 849 checkpoint!
2023-12-09 02:50:30,243 - INFO: l2r: acc of top [1, 10] = [0.9707 0.9965], mr = 1.179, mrr = 0.980, time = 3.2725 s 
2023-12-09 02:50:30,244 - INFO: r2l: acc of top [1, 10] = [0.9683 0.9959], mr = 1.177, mrr = 0.979, time = 3.2740 s 
2023-12-09 02:58:01,320 - INFO: new_links_elect: 62
2023-12-09 02:58:01,320 - INFO: train_ill length: 18392
2023-12-09 02:58:01,341 - INFO: true_links: 13
2023-12-09 02:58:01,341 - INFO: true link ratio: 20.97%
2023-12-09 02:58:01,392 - INFO: epoch 899 checkpoint!
2023-12-09 02:58:04,619 - INFO: l2r: acc of top [1, 10] = [0.9692 0.996 ], mr = 1.191, mrr = 0.980, time = 3.2265 s 
2023-12-09 02:58:04,620 - INFO: r2l: acc of top [1, 10] = [0.9684 0.9957], mr = 1.219, mrr = 0.979, time = 3.2280 s 
2023-12-09 03:05:34,112 - INFO: new_links_elect: 51
2023-12-09 03:05:34,112 - INFO: train_ill length: 18443
2023-12-09 03:05:34,128 - INFO: true_links: 13
2023-12-09 03:05:34,128 - INFO: true link ratio: 25.49%
2023-12-09 03:05:34,165 - INFO: epoch 949 checkpoint!
2023-12-09 03:05:37,434 - INFO: l2r: acc of top [1, 10] = [0.9688 0.996 ], mr = 1.193, mrr = 0.979, time = 3.2690 s 
2023-12-09 03:05:37,436 - INFO: r2l: acc of top [1, 10] = [0.9678 0.996 ], mr = 1.199, mrr = 0.979, time = 3.2708 s 
2023-12-09 03:13:18,544 - INFO: new_links_elect: 47
2023-12-09 03:13:18,545 - INFO: train_ill length: 18490
2023-12-09 03:13:18,560 - INFO: true_links: 9
2023-12-09 03:13:18,560 - INFO: true link ratio: 19.15%
2023-12-09 03:13:18,579 - INFO: epoch 999 checkpoint!
2023-12-09 03:13:22,425 - INFO: l2r: acc of top [1, 10] = [0.9688 0.9957], mr = 1.216, mrr = 0.979, time = 3.8456 s 
2023-12-09 03:13:22,426 - INFO: r2l: acc of top [1, 10] = [0.9677 0.9954], mr = 1.223, mrr = 0.978, time = 3.8466 s 
