2023-12-08 16:12:00,876 - INFO: epoch 49 checkpoint!
2023-12-08 16:12:04,136 - INFO: l2r: acc of top [1, 10] = [0.9118 0.9812], mr = 1.974, mrr = 0.937, time = 3.2596 s 
2023-12-08 16:12:04,137 - INFO: r2l: acc of top [1, 10] = [0.9023 0.9801], mr = 1.977, mrr = 0.931, time = 3.2608 s 
2023-12-08 16:14:58,672 - INFO: epoch 99 checkpoint!
2023-12-08 16:15:01,975 - INFO: l2r: acc of top [1, 10] = [0.9203 0.9837], mr = 1.937, mrr = 0.943, time = 3.3023 s 
2023-12-08 16:15:01,977 - INFO: r2l: acc of top [1, 10] = [0.9122 0.9826], mr = 1.856, mrr = 0.938, time = 3.3040 s 
2023-12-08 16:17:57,857 - INFO: epoch 149 checkpoint!
2023-12-08 16:18:01,211 - INFO: l2r: acc of top [1, 10] = [0.9208 0.9829], mr = 2.088, mrr = 0.944, time = 3.3528 s 
2023-12-08 16:18:01,212 - INFO: r2l: acc of top [1, 10] = [0.9156 0.9824], mr = 1.924, mrr = 0.940, time = 3.3544 s 
2023-12-08 16:20:57,668 - INFO: epoch 199 checkpoint!
2023-12-08 16:21:01,034 - INFO: l2r: acc of top [1, 10] = [0.9238 0.982 ], mr = 2.227, mrr = 0.945, time = 3.3662 s 
2023-12-08 16:21:01,036 - INFO: r2l: acc of top [1, 10] = [0.9186 0.9822], mr = 2.009, mrr = 0.942, time = 3.3678 s 
2023-12-08 16:23:56,739 - INFO: epoch 249 checkpoint!
2023-12-08 16:24:00,106 - INFO: l2r: acc of top [1, 10] = [0.9237 0.9817], mr = 2.341, mrr = 0.945, time = 3.3660 s 
2023-12-08 16:24:00,108 - INFO: r2l: acc of top [1, 10] = [0.9191 0.9826], mr = 2.082, mrr = 0.942, time = 3.3679 s 
2023-12-08 16:26:56,636 - INFO: epoch 299 checkpoint!
2023-12-08 16:27:00,027 - INFO: l2r: acc of top [1, 10] = [0.924  0.9809], mr = 2.457, mrr = 0.945, time = 3.3902 s 
2023-12-08 16:27:00,029 - INFO: r2l: acc of top [1, 10] = [0.921  0.9823], mr = 2.179, mrr = 0.943, time = 3.3920 s 
2023-12-08 16:47:37,263 - INFO: new_links_elect: 7855
2023-12-08 16:47:37,272 - INFO: train_ill length: 14855
2023-12-08 16:47:39,440 - INFO: true_links: 4144
2023-12-08 16:47:39,440 - INFO: true link ratio: 52.76%
2023-12-08 16:47:40,270 - INFO: epoch 349 checkpoint!
2023-12-08 16:47:43,583 - INFO: l2r: acc of top [1, 10] = [0.9228 0.9804], mr = 2.596, mrr = 0.944, time = 3.3125 s 
2023-12-08 16:47:43,584 - INFO: r2l: acc of top [1, 10] = [0.9179 0.9812], mr = 2.314, mrr = 0.942, time = 3.3140 s 
2023-12-08 16:59:33,163 - INFO: new_links_elect: 1684
2023-12-08 16:59:33,165 - INFO: train_ill length: 16539
2023-12-08 16:59:33,615 - INFO: true_links: 893
2023-12-08 16:59:33,615 - INFO: true link ratio: 53.03%
2023-12-08 16:59:33,741 - INFO: epoch 399 checkpoint!
2023-12-08 16:59:37,055 - INFO: l2r: acc of top [1, 10] = [0.9512 0.9936], mr = 1.288, mrr = 0.968, time = 3.3141 s 
2023-12-08 16:59:37,057 - INFO: r2l: acc of top [1, 10] = [0.9413 0.9937], mr = 1.298, mrr = 0.962, time = 3.3157 s 
2023-12-08 17:08:42,420 - INFO: new_links_elect: 724
2023-12-08 17:08:42,421 - INFO: train_ill length: 17263
2023-12-08 17:08:42,624 - INFO: true_links: 323
2023-12-08 17:08:42,624 - INFO: true link ratio: 44.61%
2023-12-08 17:08:42,693 - INFO: epoch 449 checkpoint!
2023-12-08 17:08:45,973 - INFO: l2r: acc of top [1, 10] = [0.9569 0.995 ], mr = 1.249, mrr = 0.972, time = 3.2796 s 
2023-12-08 17:08:45,974 - INFO: r2l: acc of top [1, 10] = [0.9485 0.995 ], mr = 1.249, mrr = 0.966, time = 3.2813 s 
2023-12-08 17:16:54,410 - INFO: new_links_elect: 364
2023-12-08 17:16:54,411 - INFO: train_ill length: 17627
2023-12-08 17:16:54,521 - INFO: true_links: 147
2023-12-08 17:16:54,521 - INFO: true link ratio: 40.38%
2023-12-08 17:16:54,577 - INFO: epoch 499 checkpoint!
2023-12-08 17:16:57,887 - INFO: l2r: acc of top [1, 10] = [0.96   0.9956], mr = 1.215, mrr = 0.974, time = 3.3094 s 
2023-12-08 17:16:57,889 - INFO: r2l: acc of top [1, 10] = [0.9546 0.9957], mr = 1.211, mrr = 0.970, time = 3.3112 s 
2023-12-08 17:24:44,077 - INFO: new_links_elect: 219
2023-12-08 17:24:44,078 - INFO: train_ill length: 17846
2023-12-08 17:24:44,143 - INFO: true_links: 76
2023-12-08 17:24:44,144 - INFO: true link ratio: 34.70%
2023-12-08 17:24:44,193 - INFO: epoch 549 checkpoint!
2023-12-08 17:24:47,440 - INFO: l2r: acc of top [1, 10] = [0.9625 0.9961], mr = 1.188, mrr = 0.976, time = 3.2471 s 
2023-12-08 17:24:47,442 - INFO: r2l: acc of top [1, 10] = [0.9588 0.9965], mr = 1.186, mrr = 0.973, time = 3.2488 s 
2023-12-08 17:32:20,355 - INFO: new_links_elect: 157
2023-12-08 17:32:20,355 - INFO: train_ill length: 18003
2023-12-08 17:32:20,403 - INFO: true_links: 41
2023-12-08 17:32:20,403 - INFO: true link ratio: 26.11%
2023-12-08 17:32:20,422 - INFO: epoch 599 checkpoint!
2023-12-08 17:32:23,741 - INFO: l2r: acc of top [1, 10] = [0.963  0.9964], mr = 1.182, mrr = 0.976, time = 3.3184 s 
2023-12-08 17:32:23,742 - INFO: r2l: acc of top [1, 10] = [0.9606 0.9964], mr = 1.183, mrr = 0.974, time = 3.3201 s 
2023-12-08 17:40:01,916 - INFO: new_links_elect: 116
2023-12-08 17:40:01,917 - INFO: train_ill length: 18119
2023-12-08 17:40:01,952 - INFO: true_links: 33
2023-12-08 17:40:01,952 - INFO: true link ratio: 28.45%
2023-12-08 17:40:01,971 - INFO: epoch 649 checkpoint!
2023-12-08 17:40:05,212 - INFO: l2r: acc of top [1, 10] = [0.9641 0.9966], mr = 1.178, mrr = 0.977, time = 3.2405 s 
2023-12-08 17:40:05,213 - INFO: r2l: acc of top [1, 10] = [0.9622 0.9967], mr = 1.184, mrr = 0.975, time = 3.2420 s 
2023-12-08 17:47:37,779 - INFO: new_links_elect: 79
2023-12-08 17:47:37,780 - INFO: train_ill length: 18198
2023-12-08 17:47:37,805 - INFO: true_links: 19
2023-12-08 17:47:37,806 - INFO: true link ratio: 24.05%
2023-12-08 17:47:37,822 - INFO: epoch 699 checkpoint!
2023-12-08 17:47:41,102 - INFO: l2r: acc of top [1, 10] = [0.9644 0.9964], mr = 1.180, mrr = 0.977, time = 3.2801 s 
2023-12-08 17:47:41,104 - INFO: r2l: acc of top [1, 10] = [0.9624 0.9964], mr = 1.192, mrr = 0.976, time = 3.2817 s 
2023-12-08 17:55:15,082 - INFO: new_links_elect: 84
2023-12-08 17:55:15,082 - INFO: train_ill length: 18282
2023-12-08 17:55:15,108 - INFO: true_links: 30
2023-12-08 17:55:15,108 - INFO: true link ratio: 35.71%
2023-12-08 17:55:15,124 - INFO: epoch 749 checkpoint!
2023-12-08 17:55:18,461 - INFO: l2r: acc of top [1, 10] = [0.9642 0.9964], mr = 1.179, mrr = 0.977, time = 3.3362 s 
2023-12-08 17:55:18,463 - INFO: r2l: acc of top [1, 10] = [0.9626 0.9963], mr = 1.198, mrr = 0.976, time = 3.3379 s 
2023-12-08 18:02:47,399 - INFO: new_links_elect: 57
2023-12-08 18:02:47,399 - INFO: train_ill length: 18339
2023-12-08 18:02:47,420 - INFO: true_links: 16
2023-12-08 18:02:47,420 - INFO: true link ratio: 28.07%
2023-12-08 18:02:47,446 - INFO: epoch 799 checkpoint!
2023-12-08 18:02:51,043 - INFO: l2r: acc of top [1, 10] = [0.965  0.9966], mr = 1.178, mrr = 0.978, time = 3.5957 s 
2023-12-08 18:02:51,044 - INFO: r2l: acc of top [1, 10] = [0.9631 0.9966], mr = 1.216, mrr = 0.976, time = 3.5974 s 
2023-12-08 18:10:21,620 - INFO: new_links_elect: 62
2023-12-08 18:10:21,621 - INFO: train_ill length: 18401
2023-12-08 18:10:21,640 - INFO: true_links: 17
2023-12-08 18:10:21,641 - INFO: true link ratio: 27.42%
2023-12-08 18:10:21,681 - INFO: epoch 849 checkpoint!
2023-12-08 18:10:24,903 - INFO: l2r: acc of top [1, 10] = [0.9654 0.9966], mr = 1.188, mrr = 0.978, time = 3.2220 s 
2023-12-08 18:10:24,904 - INFO: r2l: acc of top [1, 10] = [0.9639 0.9962], mr = 1.244, mrr = 0.977, time = 3.2236 s 
2023-12-08 18:17:54,850 - INFO: new_links_elect: 68
2023-12-08 18:17:54,851 - INFO: train_ill length: 18469
2023-12-08 18:17:54,874 - INFO: true_links: 13
2023-12-08 18:17:54,874 - INFO: true link ratio: 19.12%
2023-12-08 18:17:54,919 - INFO: epoch 899 checkpoint!
2023-12-08 18:17:58,160 - INFO: l2r: acc of top [1, 10] = [0.9652 0.9962], mr = 1.208, mrr = 0.978, time = 3.2406 s 
2023-12-08 18:17:58,161 - INFO: r2l: acc of top [1, 10] = [0.9637 0.9962], mr = 1.231, mrr = 0.976, time = 3.2421 s 
2023-12-08 18:25:38,611 - INFO: new_links_elect: 55
2023-12-08 18:25:38,611 - INFO: train_ill length: 18524
2023-12-08 18:25:38,632 - INFO: true_links: 14
2023-12-08 18:25:38,632 - INFO: true link ratio: 25.45%
2023-12-08 18:25:38,648 - INFO: epoch 949 checkpoint!
2023-12-08 18:25:41,908 - INFO: l2r: acc of top [1, 10] = [0.965  0.9952], mr = 1.271, mrr = 0.977, time = 3.2590 s 
2023-12-08 18:25:41,910 - INFO: r2l: acc of top [1, 10] = [0.9633 0.996 ], mr = 1.242, mrr = 0.976, time = 3.2618 s 
2023-12-08 18:33:20,392 - INFO: new_links_elect: 46
2023-12-08 18:33:20,392 - INFO: train_ill length: 18570
2023-12-08 18:33:20,409 - INFO: true_links: 5
2023-12-08 18:33:20,409 - INFO: true link ratio: 10.87%
2023-12-08 18:33:20,441 - INFO: epoch 999 checkpoint!
2023-12-08 18:33:24,401 - INFO: l2r: acc of top [1, 10] = [0.9644 0.9953], mr = 1.347, mrr = 0.977, time = 3.9593 s 
2023-12-08 18:33:24,402 - INFO: r2l: acc of top [1, 10] = [0.9625 0.9957], mr = 1.394, mrr = 0.975, time = 3.9602 s 
