2023-12-12 16:18:54,660 - INFO: epoch 49 checkpoint!
2023-12-12 16:18:58,080 - INFO: l2r: acc of top [1, 10] = [0.9176 0.9838], mr = 1.805, mrr = 0.942, time = 3.4189 s 
2023-12-12 16:18:58,082 - INFO: r2l: acc of top [1, 10] = [0.9069 0.9809], mr = 1.895, mrr = 0.935, time = 3.4216 s 
2023-12-12 16:21:53,339 - INFO: epoch 99 checkpoint!
2023-12-12 16:21:56,649 - INFO: l2r: acc of top [1, 10] = [0.926  0.9864], mr = 1.756, mrr = 0.948, time = 3.3093 s 
2023-12-12 16:21:56,651 - INFO: r2l: acc of top [1, 10] = [0.9185 0.984 ], mr = 1.759, mrr = 0.943, time = 3.3106 s 
2023-12-12 16:24:52,723 - INFO: epoch 149 checkpoint!
2023-12-12 16:24:56,337 - INFO: l2r: acc of top [1, 10] = [0.9276 0.9861], mr = 1.817, mrr = 0.949, time = 3.6141 s 
2023-12-12 16:24:56,339 - INFO: r2l: acc of top [1, 10] = [0.9208 0.9847], mr = 1.765, mrr = 0.945, time = 3.6159 s 
2023-12-12 16:27:52,644 - INFO: epoch 199 checkpoint!
2023-12-12 16:27:55,952 - INFO: l2r: acc of top [1, 10] = [0.9281 0.9854], mr = 1.909, mrr = 0.950, time = 3.3074 s 
2023-12-12 16:27:55,954 - INFO: r2l: acc of top [1, 10] = [0.9224 0.985 ], mr = 1.804, mrr = 0.946, time = 3.3093 s 
2023-12-12 16:30:51,591 - INFO: epoch 249 checkpoint!
2023-12-12 16:30:54,858 - INFO: l2r: acc of top [1, 10] = [0.9282 0.9856], mr = 2.016, mrr = 0.950, time = 3.2662 s 
2023-12-12 16:30:54,860 - INFO: r2l: acc of top [1, 10] = [0.9247 0.9853], mr = 1.847, mrr = 0.947, time = 3.2678 s 
2023-12-12 16:33:50,270 - INFO: epoch 299 checkpoint!
2023-12-12 16:33:53,596 - INFO: l2r: acc of top [1, 10] = [0.9282 0.9849], mr = 2.136, mrr = 0.950, time = 3.3246 s 
2023-12-12 16:33:53,597 - INFO: r2l: acc of top [1, 10] = [0.9244 0.9851], mr = 1.906, mrr = 0.947, time = 3.3259 s 
2023-12-12 16:36:59,566 - INFO: new_links_elect: 8416
2023-12-12 16:36:59,571 - INFO: train_ill length: 15298
2023-12-12 16:37:01,817 - INFO: true_links: 4483
2023-12-12 16:37:01,817 - INFO: true link ratio: 53.27%
2023-12-12 16:37:02,626 - INFO: epoch 349 checkpoint!
2023-12-12 16:37:05,951 - INFO: l2r: acc of top [1, 10] = [0.9284 0.9841], mr = 2.292, mrr = 0.949, time = 3.3243 s 
2023-12-12 16:37:05,952 - INFO: r2l: acc of top [1, 10] = [0.9233 0.9845], mr = 1.967, mrr = 0.946, time = 3.3255 s 
2023-12-12 16:43:12,473 - INFO: new_links_elect: 1600
2023-12-12 16:43:12,475 - INFO: train_ill length: 16898
2023-12-12 16:43:12,897 - INFO: true_links: 814
2023-12-12 16:43:12,897 - INFO: true link ratio: 50.88%
2023-12-12 16:43:13,010 - INFO: epoch 399 checkpoint!
2023-12-12 16:43:16,308 - INFO: l2r: acc of top [1, 10] = [0.9531 0.9939], mr = 1.386, mrr = 0.969, time = 3.2977 s 
2023-12-12 16:43:16,309 - INFO: r2l: acc of top [1, 10] = [0.9451 0.9934], mr = 1.345, mrr = 0.964, time = 3.2993 s 
2023-12-12 16:50:07,459 - INFO: new_links_elect: 731
2023-12-12 16:50:07,459 - INFO: train_ill length: 17629
2023-12-12 16:50:07,668 - INFO: true_links: 307
2023-12-12 16:50:07,668 - INFO: true link ratio: 42.00%
2023-12-12 16:50:07,737 - INFO: epoch 449 checkpoint!
2023-12-12 16:50:11,063 - INFO: l2r: acc of top [1, 10] = [0.9591 0.9949], mr = 1.208, mrr = 0.973, time = 3.3262 s 
2023-12-12 16:50:11,064 - INFO: r2l: acc of top [1, 10] = [0.9542 0.9948], mr = 1.218, mrr = 0.970, time = 3.3275 s 
2023-12-12 16:57:14,274 - INFO: new_links_elect: 376
2023-12-12 16:57:14,275 - INFO: train_ill length: 18005
2023-12-12 16:57:14,385 - INFO: true_links: 158
2023-12-12 16:57:14,385 - INFO: true link ratio: 42.02%
2023-12-12 16:57:14,439 - INFO: epoch 499 checkpoint!
2023-12-12 16:57:17,768 - INFO: l2r: acc of top [1, 10] = [0.9635 0.9953], mr = 1.180, mrr = 0.976, time = 3.3280 s 
2023-12-12 16:57:17,769 - INFO: r2l: acc of top [1, 10] = [0.9604 0.9956], mr = 1.186, mrr = 0.974, time = 3.3296 s 
2023-12-12 17:04:32,629 - INFO: new_links_elect: 241
2023-12-12 17:04:32,630 - INFO: train_ill length: 18246
2023-12-12 17:04:32,704 - INFO: true_links: 80
2023-12-12 17:04:32,704 - INFO: true link ratio: 33.20%
2023-12-12 17:04:32,727 - INFO: epoch 549 checkpoint!
2023-12-12 17:04:36,033 - INFO: l2r: acc of top [1, 10] = [0.9652 0.9959], mr = 1.171, mrr = 0.977, time = 3.3057 s 
2023-12-12 17:04:36,035 - INFO: r2l: acc of top [1, 10] = [0.964  0.9964], mr = 1.168, mrr = 0.976, time = 3.3069 s 
2023-12-12 17:11:51,669 - INFO: new_links_elect: 143
2023-12-12 17:11:51,670 - INFO: train_ill length: 18389
2023-12-12 17:11:51,717 - INFO: true_links: 35
2023-12-12 17:11:51,717 - INFO: true link ratio: 24.48%
2023-12-12 17:11:51,736 - INFO: epoch 599 checkpoint!
2023-12-12 17:11:55,105 - INFO: l2r: acc of top [1, 10] = [0.9675 0.9966], mr = 1.163, mrr = 0.978, time = 3.3693 s 
2023-12-12 17:11:55,107 - INFO: r2l: acc of top [1, 10] = [0.967  0.9962], mr = 1.165, mrr = 0.978, time = 3.3708 s 
2023-12-12 17:19:11,363 - INFO: new_links_elect: 114
2023-12-12 17:19:11,364 - INFO: train_ill length: 18503
2023-12-12 17:19:11,402 - INFO: true_links: 20
2023-12-12 17:19:11,402 - INFO: true link ratio: 17.54%
2023-12-12 17:19:11,422 - INFO: epoch 649 checkpoint!
2023-12-12 17:19:14,714 - INFO: l2r: acc of top [1, 10] = [0.9677 0.9962], mr = 1.169, mrr = 0.979, time = 3.2915 s 
2023-12-12 17:19:14,716 - INFO: r2l: acc of top [1, 10] = [0.9675 0.9958], mr = 1.174, mrr = 0.978, time = 3.2935 s 
2023-12-12 17:26:41,654 - INFO: new_links_elect: 88
2023-12-12 17:26:41,655 - INFO: train_ill length: 18591
2023-12-12 17:26:41,683 - INFO: true_links: 21
2023-12-12 17:26:41,683 - INFO: true link ratio: 23.86%
2023-12-12 17:26:41,705 - INFO: epoch 699 checkpoint!
2023-12-12 17:26:45,027 - INFO: l2r: acc of top [1, 10] = [0.9686 0.9962], mr = 1.164, mrr = 0.979, time = 3.3211 s 
2023-12-12 17:26:45,028 - INFO: r2l: acc of top [1, 10] = [0.968  0.9963], mr = 1.168, mrr = 0.979, time = 3.3225 s 
2023-12-12 17:34:12,071 - INFO: new_links_elect: 78
2023-12-12 17:34:12,071 - INFO: train_ill length: 18669
2023-12-12 17:34:12,098 - INFO: true_links: 7
2023-12-12 17:34:12,098 - INFO: true link ratio: 8.97%
2023-12-12 17:34:12,117 - INFO: epoch 749 checkpoint!
2023-12-12 17:34:15,447 - INFO: l2r: acc of top [1, 10] = [0.9683 0.9964], mr = 1.170, mrr = 0.979, time = 3.3297 s 
2023-12-12 17:34:15,448 - INFO: r2l: acc of top [1, 10] = [0.968  0.9966], mr = 1.167, mrr = 0.979, time = 3.3310 s 
2023-12-12 17:41:42,414 - INFO: new_links_elect: 64
2023-12-12 17:41:42,414 - INFO: train_ill length: 18733
2023-12-12 17:41:42,437 - INFO: true_links: 6
2023-12-12 17:41:42,437 - INFO: true link ratio: 9.38%
2023-12-12 17:41:42,479 - INFO: epoch 799 checkpoint!
2023-12-12 17:41:45,840 - INFO: l2r: acc of top [1, 10] = [0.9679 0.9961], mr = 1.175, mrr = 0.979, time = 3.3608 s 
2023-12-12 17:41:45,842 - INFO: r2l: acc of top [1, 10] = [0.9683 0.9966], mr = 1.169, mrr = 0.979, time = 3.3624 s 
2023-12-12 17:49:12,336 - INFO: new_links_elect: 70
2023-12-12 17:49:12,336 - INFO: train_ill length: 18803
2023-12-12 17:49:12,361 - INFO: true_links: 7
2023-12-12 17:49:12,361 - INFO: true link ratio: 10.00%
2023-12-12 17:49:12,400 - INFO: epoch 849 checkpoint!
2023-12-12 17:49:15,682 - INFO: l2r: acc of top [1, 10] = [0.968  0.9962], mr = 1.185, mrr = 0.979, time = 3.2810 s 
2023-12-12 17:49:15,683 - INFO: r2l: acc of top [1, 10] = [0.9683 0.997 ], mr = 1.173, mrr = 0.979, time = 3.2826 s 
2023-12-12 17:56:42,892 - INFO: new_links_elect: 59
2023-12-12 17:56:42,893 - INFO: train_ill length: 18862
2023-12-12 17:56:42,912 - INFO: true_links: 7
2023-12-12 17:56:42,912 - INFO: true link ratio: 11.86%
2023-12-12 17:56:42,929 - INFO: epoch 899 checkpoint!
2023-12-12 17:56:46,262 - INFO: l2r: acc of top [1, 10] = [0.9683 0.9959], mr = 1.208, mrr = 0.979, time = 3.3328 s 
2023-12-12 17:56:46,263 - INFO: r2l: acc of top [1, 10] = [0.9682 0.9969], mr = 1.184, mrr = 0.979, time = 3.3342 s 
2023-12-12 18:04:12,661 - INFO: new_links_elect: 54
2023-12-12 18:04:12,661 - INFO: train_ill length: 18916
2023-12-12 18:04:12,680 - INFO: true_links: 3
2023-12-12 18:04:12,680 - INFO: true link ratio: 5.56%
2023-12-12 18:04:12,698 - INFO: epoch 949 checkpoint!
2023-12-12 18:04:15,923 - INFO: l2r: acc of top [1, 10] = [0.9678 0.9962], mr = 1.214, mrr = 0.979, time = 3.2246 s 
2023-12-12 18:04:15,925 - INFO: r2l: acc of top [1, 10] = [0.9678 0.9966], mr = 1.176, mrr = 0.979, time = 3.2262 s 
2023-12-12 18:11:43,578 - INFO: new_links_elect: 49
2023-12-12 18:11:43,579 - INFO: train_ill length: 18965
2023-12-12 18:11:43,596 - INFO: true_links: 4
2023-12-12 18:11:43,596 - INFO: true link ratio: 8.16%
2023-12-12 18:11:43,615 - INFO: epoch 999 checkpoint!
2023-12-12 18:11:47,506 - INFO: l2r: acc of top [1, 10] = [0.9675 0.9959], mr = 1.234, mrr = 0.978, time = 3.8900 s 
2023-12-12 18:11:47,507 - INFO: r2l: acc of top [1, 10] = [0.9678 0.9963], mr = 1.192, mrr = 0.979, time = 3.8911 s 
